{"/home/travis/build/npmtest/node-npmtest-nemo/test.js":{"path":"/home/travis/build/npmtest/node-npmtest-nemo/test.js","s":{"1":2,"2":2,"3":2,"4":2,"5":2,"6":2,"7":2,"8":1,"9":2,"10":2,"11":1,"12":1,"13":1,"14":1,"15":2,"16":2,"17":2,"18":2,"19":1,"20":1,"21":2,"22":2,"23":2,"24":1,"25":1,"26":1,"27":1,"28":1,"29":1,"30":1,"31":1,"32":1,"33":1,"34":1,"35":1,"36":1,"37":1,"38":1,"39":2,"40":2,"41":1,"42":2,"43":2,"44":1,"45":2,"46":2,"47":1,"48":2,"49":2,"50":1,"51":1,"52":1,"53":1,"54":1},"b":{"1":[2,1,1,1],"2":[1,1,1,1],"3":[1,1],"4":[1,1],"5":[1,1],"6":[1,1],"7":[1,1],"8":[1,1],"9":[1,1],"10":[1,1,1],"11":[1,1],"12":[1,1],"13":[1,1],"14":[1,1],"15":[1,1],"16":[1,1],"17":[1,1]},"f":{"1":2,"2":2,"3":2,"4":2,"5":2,"6":1,"7":1,"8":1,"9":2,"10":2,"11":2,"12":2,"13":1},"fnMap":{"1":{"name":"(anonymous_1)","line":12,"loc":{"start":{"line":12,"column":1},"end":{"line":12,"column":13}}},"2":{"name":"(anonymous_2)","line":19,"loc":{"start":{"line":19,"column":5},"end":{"line":19,"column":17}}},"3":{"name":"(anonymous_3)","line":23,"loc":{"start":{"line":23,"column":24},"end":{"line":23,"column":36}}},"4":{"name":"(anonymous_4)","line":61,"loc":{"start":{"line":61,"column":5},"end":{"line":61,"column":17}}},"5":{"name":"(anonymous_5)","line":82,"loc":{"start":{"line":82,"column":5},"end":{"line":82,"column":17}}},"6":{"name":"(anonymous_6)","line":91,"loc":{"start":{"line":91,"column":77},"end":{"line":94,"column":10}}},"7":{"name":"(anonymous_7)","line":112,"loc":{"start":{"line":112,"column":83},"end":{"line":115,"column":10}},"skip":true},"8":{"name":"(anonymous_8)","line":123,"loc":{"start":{"line":123,"column":77},"end":{"line":126,"column":10}},"skip":true},"9":{"name":"(anonymous_9)","line":139,"loc":{"start":{"line":139,"column":12},"end":{"line":139,"column":40}},"skip":true},"10":{"name":"(anonymous_10)","line":147,"loc":{"start":{"line":147,"column":77},"end":{"line":150,"column":10}},"skip":true},"11":{"name":"(anonymous_11)","line":158,"loc":{"start":{"line":158,"column":83},"end":{"line":161,"column":10}},"skip":true},"12":{"name":"(anonymous_12)","line":169,"loc":{"start":{"line":169,"column":79},"end":{"line":172,"column":10}},"skip":true},"13":{"name":"(anonymous_13)","line":180,"loc":{"start":{"line":180,"column":75},"end":{"line":183,"column":10}},"skip":true}},"statementMap":{"1":{"start":{"line":12,"column":0},"end":{"line":195,"column":5}},"2":{"start":{"line":14,"column":4},"end":{"line":14,"column":14}},"3":{"start":{"line":19,"column":4},"end":{"line":56,"column":9}},"4":{"start":{"line":21,"column":8},"end":{"line":21,"column":19}},"5":{"start":{"line":23,"column":8},"end":{"line":35,"column":13}},"6":{"start":{"line":24,"column":12},"end":{"line":34,"column":13}},"7":{"start":{"line":25,"column":16},"end":{"line":28,"column":30}},"8":{"start":{"line":30,"column":16},"end":{"line":33,"column":27}},"9":{"start":{"line":37,"column":8},"end":{"line":39,"column":21}},"10":{"start":{"line":40,"column":8},"end":{"line":53,"column":9}},"11":{"start":{"line":43,"column":12},"end":{"line":46,"column":14}},"12":{"start":{"line":47,"column":12},"end":{"line":47,"column":18}},"13":{"start":{"line":50,"column":12},"end":{"line":51,"column":33}},"14":{"start":{"line":52,"column":12},"end":{"line":52,"column":18}},"15":{"start":{"line":55,"column":8},"end":{"line":55,"column":35}},"16":{"start":{"line":61,"column":4},"end":{"line":63,"column":9}},"17":{"start":{"line":62,"column":8},"end":{"line":62,"column":15}},"18":{"start":{"line":64,"column":4},"end":{"line":77,"column":5}},"19":{"start":{"line":70,"column":8},"end":{"line":70,"column":14}},"20":{"start":{"line":76,"column":8},"end":{"line":76,"column":14}},"21":{"start":{"line":82,"column":4},"end":{"line":84,"column":9}},"22":{"start":{"line":83,"column":8},"end":{"line":83,"column":15}},"23":{"start":{"line":85,"column":4},"end":{"line":194,"column":5}},"24":{"start":{"line":91,"column":8},"end":{"line":99,"column":10}},"25":{"start":{"line":98,"column":12},"end":{"line":98,"column":35}},"26":{"start":{"line":102,"column":8},"end":{"line":104,"column":63}},"27":{"start":{"line":105,"column":8},"end":{"line":105,"column":14}},"28":{"start":{"line":112,"column":8},"end":{"line":121,"column":10},"skip":true},"29":{"start":{"line":119,"column":12},"end":{"line":119,"column":55},"skip":true},"30":{"start":{"line":120,"column":12},"end":{"line":120,"column":48},"skip":true},"31":{"start":{"line":123,"column":8},"end":{"line":136,"column":10},"skip":true},"32":{"start":{"line":130,"column":12},"end":{"line":130,"column":76},"skip":true},"33":{"start":{"line":131,"column":12},"end":{"line":131,"column":73},"skip":true},"34":{"start":{"line":132,"column":12},"end":{"line":132,"column":74},"skip":true},"35":{"start":{"line":133,"column":12},"end":{"line":133,"column":79},"skip":true},"36":{"start":{"line":134,"column":12},"end":{"line":134,"column":25},"skip":true},"37":{"start":{"line":135,"column":12},"end":{"line":135,"column":45},"skip":true},"38":{"start":{"line":138,"column":8},"end":{"line":145,"column":14},"skip":true},"39":{"start":{"line":143,"column":16},"end":{"line":143,"column":29},"skip":true},"40":{"start":{"line":144,"column":16},"end":{"line":144,"column":55},"skip":true},"41":{"start":{"line":147,"column":8},"end":{"line":156,"column":10},"skip":true},"42":{"start":{"line":154,"column":12},"end":{"line":154,"column":25},"skip":true},"43":{"start":{"line":155,"column":12},"end":{"line":155,"column":45},"skip":true},"44":{"start":{"line":158,"column":8},"end":{"line":167,"column":10},"skip":true},"45":{"start":{"line":165,"column":12},"end":{"line":165,"column":25},"skip":true},"46":{"start":{"line":166,"column":12},"end":{"line":166,"column":48},"skip":true},"47":{"start":{"line":169,"column":8},"end":{"line":178,"column":10},"skip":true},"48":{"start":{"line":176,"column":12},"end":{"line":176,"column":25},"skip":true},"49":{"start":{"line":177,"column":12},"end":{"line":177,"column":46},"skip":true},"50":{"start":{"line":180,"column":8},"end":{"line":189,"column":10},"skip":true},"51":{"start":{"line":187,"column":12},"end":{"line":187,"column":94},"skip":true},"52":{"start":{"line":188,"column":12},"end":{"line":188,"column":48},"skip":true},"53":{"start":{"line":192,"column":8},"end":{"line":192,"column":35},"skip":true},"54":{"start":{"line":193,"column":8},"end":{"line":193,"column":14},"skip":true}},"branchMap":{"1":{"line":25,"type":"binary-expr","locations":[{"start":{"line":25,"column":23},"end":{"line":25,"column":62}},{"start":{"line":26,"column":20},"end":{"line":26,"column":70}},{"start":{"line":27,"column":20},"end":{"line":27,"column":71}},{"start":{"line":28,"column":20},"end":{"line":28,"column":29}}]},"2":{"line":30,"type":"binary-expr","locations":[{"start":{"line":30,"column":23},"end":{"line":30,"column":37}},{"start":{"line":31,"column":20},"end":{"line":31,"column":61}},{"start":{"line":32,"column":20},"end":{"line":32,"column":70}},{"start":{"line":33,"column":20},"end":{"line":33,"column":26}}]},"3":{"line":37,"type":"cond-expr","locations":[{"start":{"line":38,"column":14},"end":{"line":38,"column":20}},{"start":{"line":39,"column":14},"end":{"line":39,"column":20}}]},"4":{"line":40,"type":"switch","locations":[{"start":{"line":42,"column":8},"end":{"line":47,"column":18}},{"start":{"line":49,"column":8},"end":{"line":52,"column":18}}]},"5":{"line":44,"type":"binary-expr","locations":[{"start":{"line":44,"column":16},"end":{"line":44,"column":44}},{"start":{"line":44,"column":48},"end":{"line":44,"column":66}}]},"6":{"line":50,"type":"binary-expr","locations":[{"start":{"line":50,"column":21},"end":{"line":50,"column":49}},{"start":{"line":50,"column":53},"end":{"line":50,"column":72}}]},"7":{"line":64,"type":"switch","locations":[{"start":{"line":69,"column":4},"end":{"line":70,"column":14}},{"start":{"line":75,"column":4},"end":{"line":76,"column":14}}]},"8":{"line":85,"type":"switch","locations":[{"start":{"line":90,"column":4},"end":{"line":105,"column":14}},{"start":{"line":111,"column":4},"end":{"line":193,"column":14},"skip":true}]},"9":{"line":91,"type":"binary-expr","locations":[{"start":{"line":91,"column":42},"end":{"line":91,"column":73}},{"start":{"line":91,"column":77},"end":{"line":99,"column":9}}]},"10":{"line":102,"type":"binary-expr","locations":[{"start":{"line":102,"column":18},"end":{"line":102,"column":32}},{"start":{"line":103,"column":12},"end":{"line":103,"column":53}},{"start":{"line":104,"column":12},"end":{"line":104,"column":61}}]},"11":{"line":112,"type":"binary-expr","locations":[{"start":{"line":112,"column":45},"end":{"line":112,"column":79},"skip":true},{"start":{"line":112,"column":83},"end":{"line":121,"column":9},"skip":true}]},"12":{"line":123,"type":"binary-expr","locations":[{"start":{"line":123,"column":42},"end":{"line":123,"column":73},"skip":true},{"start":{"line":123,"column":77},"end":{"line":136,"column":9},"skip":true}]},"13":{"line":138,"type":"binary-expr","locations":[{"start":{"line":138,"column":48},"end":{"line":138,"column":85},"skip":true},{"start":{"line":139,"column":12},"end":{"line":145,"column":13},"skip":true}]},"14":{"line":147,"type":"binary-expr","locations":[{"start":{"line":147,"column":42},"end":{"line":147,"column":73},"skip":true},{"start":{"line":147,"column":77},"end":{"line":156,"column":9},"skip":true}]},"15":{"line":158,"type":"binary-expr","locations":[{"start":{"line":158,"column":45},"end":{"line":158,"column":79},"skip":true},{"start":{"line":158,"column":83},"end":{"line":167,"column":9},"skip":true}]},"16":{"line":169,"type":"binary-expr","locations":[{"start":{"line":169,"column":43},"end":{"line":169,"column":75},"skip":true},{"start":{"line":169,"column":79},"end":{"line":178,"column":9},"skip":true}]},"17":{"line":180,"type":"binary-expr","locations":[{"start":{"line":180,"column":41},"end":{"line":180,"column":71},"skip":true},{"start":{"line":180,"column":75},"end":{"line":189,"column":9},"skip":true}]}},"code":["/* istanbul instrument in package npmtest_nemo */","/*jslint","    bitwise: true,","    browser: true,","    maxerr: 8,","    maxlen: 96,","    node: true,","    nomen: true,","    regexp: true,","    stupid: true","*/","(function () {","    'use strict';","    var local;","","","","    // run shared js-env code - pre-init","    (function () {","        // init local","        local = {};","        // init modeJs","        local.modeJs = (function () {","            try {","                return typeof navigator.userAgent === 'string' &&","                    typeof document.querySelector('body') === 'object' &&","                    typeof XMLHttpRequest.prototype.open === 'function' &&","                    'browser';","            } catch (errorCaughtBrowser) {","                return module.exports &&","                    typeof process.versions.node === 'string' &&","                    typeof require('http').createServer === 'function' &&","                    'node';","            }","        }());","        // init global","        local.global = local.modeJs === 'browser'","            ? window","            : global;","        switch (local.modeJs) {","        // re-init local from window.local","        case 'browser':","            local = local.global.utility2.objectSetDefault(","                local.global.utility2_rollup || local.global.local,","                local.global.utility2","            );","            break;","        // re-init local from example.js","        case 'node':","            local = (local.global.utility2_rollup || require('utility2'))","                .requireReadme();","            break;","        }","        // export local","        local.global.local = local;","    }());","","","","    // run shared js-env code - function","    (function () {","        return;","    }());","    switch (local.modeJs) {","","","","    // run browser js-env code - function","    case 'browser':","        break;","","","","    // run node js-env code - function","    case 'node':","        break;","    }","","","","    // run shared js-env code - post-init","    (function () {","        return;","    }());","    switch (local.modeJs) {","","","","    // run browser js-env code - post-init","    case 'browser':","        local.testCase_browser_nullCase = local.testCase_browser_nullCase || function (","            options,","            onError","        ) {","        /*","         * this function will test browsers's null-case handling-behavior-behavior","         */","            onError(null, options);","        };","","        // run tests","        local.nop(local.modeTest &&","            document.querySelector('#testRunButton1') &&","            document.querySelector('#testRunButton1').click());","        break;","","","","    // run node js-env code - post-init","    /* istanbul ignore next */","    case 'node':","        local.testCase_buildApidoc_default = local.testCase_buildApidoc_default || function (","            options,","            onError","        ) {","        /*","         * this function will test buildApidoc's default handling-behavior-behavior","         */","            options = { modulePathList: module.paths };","            local.buildApidoc(options, onError);","        };","","        local.testCase_buildApp_default = local.testCase_buildApp_default || function (","            options,","            onError","        ) {","        /*","         * this function will test buildApp's default handling-behavior-behavior","         */","            local.testCase_buildReadme_default(options, local.onErrorThrow);","            local.testCase_buildLib_default(options, local.onErrorThrow);","            local.testCase_buildTest_default(options, local.onErrorThrow);","            local.testCase_buildCustomOrg_default(options, local.onErrorThrow);","            options = [];","            local.buildApp(options, onError);","        };","","        local.testCase_buildCustomOrg_default = local.testCase_buildCustomOrg_default ||","            function (options, onError) {","            /*","             * this function will test buildCustomOrg's default handling-behavior","             */","                options = {};","                local.buildCustomOrg(options, onError);","            };","","        local.testCase_buildLib_default = local.testCase_buildLib_default || function (","            options,","            onError","        ) {","        /*","         * this function will test buildLib's default handling-behavior","         */","            options = {};","            local.buildLib(options, onError);","        };","","        local.testCase_buildReadme_default = local.testCase_buildReadme_default || function (","            options,","            onError","        ) {","        /*","         * this function will test buildReadme's default handling-behavior-behavior","         */","            options = {};","            local.buildReadme(options, onError);","        };","","        local.testCase_buildTest_default = local.testCase_buildTest_default || function (","            options,","            onError","        ) {","        /*","         * this function will test buildTest's default handling-behavior","         */","            options = {};","            local.buildTest(options, onError);","        };","","        local.testCase_webpage_default = local.testCase_webpage_default || function (","            options,","            onError","        ) {","        /*","         * this function will test webpage's default handling-behavior","         */","            options = { modeCoverageMerge: true, url: local.serverLocalHost + '?modeTest=1' };","            local.browserTest(options, onError);","        };","","        // run test-server","        local.testRunServer(local);","        break;","    }","}());",""],"l":{"12":2,"14":2,"19":2,"21":2,"23":2,"24":2,"25":2,"30":1,"37":2,"40":2,"43":1,"47":1,"50":1,"52":1,"55":2,"61":2,"62":2,"64":2,"70":1,"76":1,"82":2,"83":2,"85":2,"91":1,"98":1,"102":1,"105":1,"112":1,"119":1,"120":1,"123":1,"130":1,"131":1,"132":1,"133":1,"134":1,"135":1,"138":1,"143":2,"144":2,"147":1,"154":2,"155":2,"158":1,"165":2,"166":2,"169":1,"176":2,"177":2,"180":1,"187":1,"188":1,"192":1,"193":1}},"/home/travis/build/npmtest/node-npmtest-nemo/lib.npmtest_nemo.js":{"path":"/home/travis/build/npmtest/node-npmtest-nemo/lib.npmtest_nemo.js","s":{"1":2,"2":2,"3":2,"4":2,"5":2,"6":2,"7":2,"8":1,"9":2,"10":2,"11":2,"12":2,"13":1,"14":1,"15":1,"16":1},"b":{"1":[2,1,1,1],"2":[1,1,1,1],"3":[1,1],"4":[2,2],"5":[1,1]},"f":{"1":2,"2":2,"3":2},"fnMap":{"1":{"name":"(anonymous_1)","line":12,"loc":{"start":{"line":12,"column":1},"end":{"line":12,"column":13}}},"2":{"name":"(anonymous_2)","line":19,"loc":{"start":{"line":19,"column":5},"end":{"line":19,"column":17}}},"3":{"name":"(anonymous_3)","line":23,"loc":{"start":{"line":23,"column":24},"end":{"line":23,"column":36}}}},"statementMap":{"1":{"start":{"line":12,"column":0},"end":{"line":53,"column":5}},"2":{"start":{"line":14,"column":4},"end":{"line":14,"column":14}},"3":{"start":{"line":19,"column":4},"end":{"line":52,"column":9}},"4":{"start":{"line":21,"column":8},"end":{"line":21,"column":19}},"5":{"start":{"line":23,"column":8},"end":{"line":35,"column":13}},"6":{"start":{"line":24,"column":12},"end":{"line":34,"column":13}},"7":{"start":{"line":25,"column":16},"end":{"line":28,"column":30}},"8":{"start":{"line":30,"column":16},"end":{"line":33,"column":27}},"9":{"start":{"line":37,"column":8},"end":{"line":39,"column":21}},"10":{"start":{"line":41,"column":8},"end":{"line":41,"column":54}},"11":{"start":{"line":43,"column":8},"end":{"line":43,"column":49}},"12":{"start":{"line":45,"column":8},"end":{"line":51,"column":9}},"13":{"start":{"line":46,"column":12},"end":{"line":46,"column":55}},"14":{"start":{"line":48,"column":12},"end":{"line":48,"column":35}},"15":{"start":{"line":49,"column":12},"end":{"line":49,"column":49}},"16":{"start":{"line":50,"column":12},"end":{"line":50,"column":43}}},"branchMap":{"1":{"line":25,"type":"binary-expr","locations":[{"start":{"line":25,"column":23},"end":{"line":25,"column":62}},{"start":{"line":26,"column":20},"end":{"line":26,"column":70}},{"start":{"line":27,"column":20},"end":{"line":27,"column":71}},{"start":{"line":28,"column":20},"end":{"line":28,"column":29}}]},"2":{"line":30,"type":"binary-expr","locations":[{"start":{"line":30,"column":23},"end":{"line":30,"column":37}},{"start":{"line":31,"column":20},"end":{"line":31,"column":61}},{"start":{"line":32,"column":20},"end":{"line":32,"column":70}},{"start":{"line":33,"column":20},"end":{"line":33,"column":26}}]},"3":{"line":37,"type":"cond-expr","locations":[{"start":{"line":38,"column":14},"end":{"line":38,"column":20}},{"start":{"line":39,"column":14},"end":{"line":39,"column":20}}]},"4":{"line":41,"type":"binary-expr","locations":[{"start":{"line":41,"column":16},"end":{"line":41,"column":44}},{"start":{"line":41,"column":48},"end":{"line":41,"column":53}}]},"5":{"line":45,"type":"if","locations":[{"start":{"line":45,"column":8},"end":{"line":45,"column":8}},{"start":{"line":45,"column":8},"end":{"line":45,"column":8}}]}},"code":["/* istanbul instrument in package npmtest_nemo */","/*jslint","    bitwise: true,","    browser: true,","    maxerr: 8,","    maxlen: 96,","    node: true,","    nomen: true,","    regexp: true,","    stupid: true","*/","(function () {","    'use strict';","    var local;","","","","    // run shared js-env code - pre-init","    (function () {","        // init local","        local = {};","        // init modeJs","        local.modeJs = (function () {","            try {","                return typeof navigator.userAgent === 'string' &&","                    typeof document.querySelector('body') === 'object' &&","                    typeof XMLHttpRequest.prototype.open === 'function' &&","                    'browser';","            } catch (errorCaughtBrowser) {","                return module.exports &&","                    typeof process.versions.node === 'string' &&","                    typeof require('http').createServer === 'function' &&","                    'node';","            }","        }());","        // init global","        local.global = local.modeJs === 'browser'","            ? window","            : global;","        // init utility2_rollup","        local = local.global.utility2_rollup || local;","        // init lib","        local.local = local.npmtest_nemo = local;","        // init exports","        if (local.modeJs === 'browser') {","            local.global.utility2_npmtest_nemo = local;","        } else {","            module.exports = local;","            module.exports.__dirname = __dirname;","            module.exports.module = module;","        }","    }());","}());",""],"l":{"12":2,"14":2,"19":2,"21":2,"23":2,"24":2,"25":2,"30":1,"37":2,"41":2,"43":2,"45":2,"46":1,"48":1,"49":1,"50":1}},"/home/travis/build/npmtest/node-npmtest-nemo/example.js":{"path":"/home/travis/build/npmtest/node-npmtest-nemo/example.js","s":{"1":2,"2":2,"3":2,"4":2,"5":2,"6":2,"7":2,"8":1,"9":2,"10":2,"11":2,"12":2,"13":1,"14":2,"15":2,"16":2,"17":2,"18":2,"19":0,"20":2,"21":1,"22":1,"23":1,"24":1,"25":1,"26":0,"27":0,"28":1,"29":1,"30":2,"31":0,"32":0,"33":0,"34":1,"35":2,"36":2,"37":3,"38":3,"39":3,"40":3,"41":0,"42":3,"43":3,"44":3,"45":1,"46":3,"47":1,"48":1,"49":1,"50":1,"51":1,"52":1,"53":1,"54":1,"55":1,"56":1,"57":0,"58":1,"59":6,"60":6,"61":1,"62":2,"63":0,"64":2,"65":1,"66":1,"67":0,"68":0,"69":0,"70":0,"71":0,"72":0,"73":0,"74":0,"75":0,"76":0,"77":0,"78":0,"79":0,"80":0,"81":0,"82":0,"83":0},"b":{"1":[2,1,1,1],"2":[1,1,1,1],"3":[1,1],"4":[2,2],"5":[1,1],"6":[1,1],"7":[2,0],"8":[2,1,1,1,1,1],"9":[0,2,0],"10":[1,1],"11":[2,1,1],"12":[1,0],"13":[0,2],"14":[2,0,0,0,0,0,0],"15":[0,3],"16":[3,0],"17":[1,1],"18":[0,1],"19":[1,2,0,2],"20":[1,0],"21":[1,1],"22":[0,0],"23":[0,0],"24":[0,0],"25":[0,0],"26":[0,0],"27":[0,0],"28":[0,0]},"f":{"1":2,"2":2,"3":2,"4":2,"5":2,"6":2,"7":3,"8":3,"9":3,"10":1,"11":6,"12":0},"fnMap":{"1":{"name":"(anonymous_1)","line":26,"loc":{"start":{"line":26,"column":1},"end":{"line":26,"column":13}}},"2":{"name":"(anonymous_2)","line":33,"loc":{"start":{"line":33,"column":5},"end":{"line":33,"column":17}}},"3":{"name":"(anonymous_3)","line":37,"loc":{"start":{"line":37,"column":24},"end":{"line":37,"column":36}}},"4":{"name":"(anonymous_4)","line":69,"loc":{"start":{"line":69,"column":31},"end":{"line":69,"column":48}},"skip":true},"5":{"name":"(anonymous_5)","line":78,"loc":{"start":{"line":78,"column":26},"end":{"line":78,"column":45}},"skip":true},"6":{"name":"(anonymous_6)","line":123,"loc":{"start":{"line":123,"column":33},"end":{"line":123,"column":48}},"skip":true},"7":{"name":"(anonymous_7)","line":125,"loc":{"start":{"line":125,"column":27},"end":{"line":125,"column":39}},"skip":true},"8":{"name":"(anonymous_8)","line":133,"loc":{"start":{"line":133,"column":59},"end":{"line":133,"column":74}},"skip":true},"9":{"name":"(anonymous_9)","line":143,"loc":{"start":{"line":143,"column":45},"end":{"line":143,"column":62}},"skip":true},"10":{"name":"(anonymous_10)","line":144,"loc":{"start":{"line":144,"column":73},"end":{"line":144,"column":92}},"skip":true},"11":{"name":"(anonymous_11)","line":272,"loc":{"start":{"line":272,"column":51},"end":{"line":272,"column":77}},"skip":true},"12":{"name":"(anonymous_12)","line":315,"loc":{"start":{"line":315,"column":32},"end":{"line":315,"column":61}},"skip":true}},"statementMap":{"1":{"start":{"line":26,"column":0},"end":{"line":326,"column":5}},"2":{"start":{"line":28,"column":4},"end":{"line":28,"column":14}},"3":{"start":{"line":33,"column":4},"end":{"line":60,"column":9}},"4":{"start":{"line":35,"column":8},"end":{"line":35,"column":19}},"5":{"start":{"line":37,"column":8},"end":{"line":49,"column":13}},"6":{"start":{"line":38,"column":12},"end":{"line":48,"column":13}},"7":{"start":{"line":39,"column":16},"end":{"line":42,"column":30}},"8":{"start":{"line":44,"column":16},"end":{"line":47,"column":27}},"9":{"start":{"line":51,"column":8},"end":{"line":53,"column":21}},"10":{"start":{"line":55,"column":8},"end":{"line":57,"column":45}},"11":{"start":{"line":59,"column":8},"end":{"line":59,"column":35}},"12":{"start":{"line":61,"column":4},"end":{"line":325,"column":5}},"13":{"start":{"line":69,"column":8},"end":{"line":121,"column":10},"skip":true},"14":{"start":{"line":70,"column":12},"end":{"line":88,"column":13},"skip":true},"15":{"start":{"line":76,"column":16},"end":{"line":87,"column":19},"skip":true},"16":{"start":{"line":79,"column":20},"end":{"line":86,"column":21},"skip":true},"17":{"start":{"line":82,"column":24},"end":{"line":82,"column":43},"skip":true},"18":{"start":{"line":83,"column":24},"end":{"line":83,"column":30},"skip":true},"19":{"start":{"line":85,"column":24},"end":{"line":85,"column":49},"skip":true},"20":{"start":{"line":89,"column":12},"end":{"line":107,"column":13},"skip":true},"21":{"start":{"line":92,"column":16},"end":{"line":102,"column":17},"skip":true},"22":{"start":{"line":93,"column":20},"end":{"line":93,"column":86},"skip":true},"23":{"start":{"line":94,"column":20},"end":{"line":95,"column":45},"skip":true},"24":{"start":{"line":96,"column":20},"end":{"line":96,"column":42},"skip":true},"25":{"start":{"line":97,"column":20},"end":{"line":97,"column":48},"skip":true},"26":{"start":{"line":100,"column":20},"end":{"line":100,"column":85},"skip":true},"27":{"start":{"line":101,"column":20},"end":{"line":101,"column":96},"skip":true},"28":{"start":{"line":103,"column":16},"end":{"line":103,"column":22},"skip":true},"29":{"start":{"line":106,"column":16},"end":{"line":106,"column":22},"skip":true},"30":{"start":{"line":108,"column":12},"end":{"line":120,"column":13},"skip":true},"31":{"start":{"line":114,"column":16},"end":{"line":119,"column":17},"skip":true},"32":{"start":{"line":116,"column":20},"end":{"line":116,"column":78},"skip":true},"33":{"start":{"line":118,"column":20},"end":{"line":118,"column":47},"skip":true},"34":{"start":{"line":123,"column":8},"end":{"line":141,"column":11},"skip":true},"35":{"start":{"line":124,"column":12},"end":{"line":124,"column":54},"skip":true},"36":{"start":{"line":125,"column":12},"end":{"line":140,"column":14},"skip":true},"37":{"start":{"line":126,"column":16},"end":{"line":126,"column":28},"skip":true},"38":{"start":{"line":127,"column":16},"end":{"line":127,"column":69},"skip":true},"39":{"start":{"line":128,"column":16},"end":{"line":128,"column":75},"skip":true},"40":{"start":{"line":129,"column":16},"end":{"line":131,"column":17},"skip":true},"41":{"start":{"line":130,"column":20},"end":{"line":130,"column":27},"skip":true},"42":{"start":{"line":133,"column":16},"end":{"line":137,"column":36},"skip":true},"43":{"start":{"line":134,"column":20},"end":{"line":136,"column":55},"skip":true},"44":{"start":{"line":139,"column":16},"end":{"line":139,"column":57},"skip":true},"45":{"start":{"line":143,"column":8},"end":{"line":147,"column":11},"skip":true},"46":{"start":{"line":144,"column":12},"end":{"line":146,"column":15},"skip":true},"47":{"start":{"line":145,"column":16},"end":{"line":145,"column":70},"skip":true},"48":{"start":{"line":149,"column":8},"end":{"line":149,"column":31},"skip":true},"49":{"start":{"line":150,"column":8},"end":{"line":150,"column":14},"skip":true},"50":{"start":{"line":158,"column":8},"end":{"line":158,"column":31},"skip":true},"51":{"start":{"line":160,"column":8},"end":{"line":160,"column":33},"skip":true},"52":{"start":{"line":161,"column":8},"end":{"line":161,"column":37},"skip":true},"53":{"start":{"line":162,"column":8},"end":{"line":162,"column":35},"skip":true},"54":{"start":{"line":164,"column":8},"end":{"line":164,"column":50},"skip":true},"55":{"start":{"line":166,"column":8},"end":{"line":256,"column":2},"skip":true},"56":{"start":{"line":258,"column":8},"end":{"line":286,"column":9},"skip":true},"57":{"start":{"line":259,"column":12},"end":{"line":269,"column":14},"skip":true},"58":{"start":{"line":271,"column":12},"end":{"line":285,"column":19},"skip":true},"59":{"start":{"line":274,"column":20},"end":{"line":274,"column":35},"skip":true},"60":{"start":{"line":275,"column":20},"end":{"line":284,"column":21},"skip":true},"61":{"start":{"line":277,"column":24},"end":{"line":277,"column":64},"skip":true},"62":{"start":{"line":279,"column":24},"end":{"line":279,"column":40},"skip":true},"63":{"start":{"line":281,"column":24},"end":{"line":281,"column":40},"skip":true},"64":{"start":{"line":283,"column":24},"end":{"line":283,"column":39},"skip":true},"65":{"start":{"line":288,"column":8},"end":{"line":290,"column":9},"skip":true},"66":{"start":{"line":289,"column":12},"end":{"line":289,"column":18},"skip":true},"67":{"start":{"line":291,"column":8},"end":{"line":293,"column":54},"skip":true},"68":{"start":{"line":296,"column":8},"end":{"line":301,"column":37},"skip":true},"69":{"start":{"line":303,"column":8},"end":{"line":303,"column":82},"skip":true},"70":{"start":{"line":306,"column":8},"end":{"line":308,"column":9},"skip":true},"71":{"start":{"line":307,"column":12},"end":{"line":307,"column":82},"skip":true},"72":{"start":{"line":310,"column":8},"end":{"line":312,"column":9},"skip":true},"73":{"start":{"line":311,"column":12},"end":{"line":311,"column":18},"skip":true},"74":{"start":{"line":313,"column":8},"end":{"line":313,"column":54},"skip":true},"75":{"start":{"line":314,"column":8},"end":{"line":314,"column":69},"skip":true},"76":{"start":{"line":315,"column":8},"end":{"line":323,"column":36},"skip":true},"77":{"start":{"line":316,"column":12},"end":{"line":316,"column":61},"skip":true},"78":{"start":{"line":317,"column":12},"end":{"line":320,"column":13},"skip":true},"79":{"start":{"line":318,"column":16},"end":{"line":318,"column":75},"skip":true},"80":{"start":{"line":319,"column":16},"end":{"line":319,"column":23},"skip":true},"81":{"start":{"line":321,"column":12},"end":{"line":321,"column":38},"skip":true},"82":{"start":{"line":322,"column":12},"end":{"line":322,"column":27},"skip":true},"83":{"start":{"line":324,"column":8},"end":{"line":324,"column":14},"skip":true}},"branchMap":{"1":{"line":39,"type":"binary-expr","locations":[{"start":{"line":39,"column":23},"end":{"line":39,"column":62}},{"start":{"line":40,"column":20},"end":{"line":40,"column":70}},{"start":{"line":41,"column":20},"end":{"line":41,"column":71}},{"start":{"line":42,"column":20},"end":{"line":42,"column":29}}]},"2":{"line":44,"type":"binary-expr","locations":[{"start":{"line":44,"column":23},"end":{"line":44,"column":37}},{"start":{"line":45,"column":20},"end":{"line":45,"column":61}},{"start":{"line":46,"column":20},"end":{"line":46,"column":70}},{"start":{"line":47,"column":20},"end":{"line":47,"column":26}}]},"3":{"line":51,"type":"cond-expr","locations":[{"start":{"line":52,"column":14},"end":{"line":52,"column":20}},{"start":{"line":53,"column":14},"end":{"line":53,"column":20}}]},"4":{"line":55,"type":"binary-expr","locations":[{"start":{"line":55,"column":16},"end":{"line":55,"column":44}},{"start":{"line":55,"column":49},"end":{"line":57,"column":43}}]},"5":{"line":55,"type":"cond-expr","locations":[{"start":{"line":56,"column":14},"end":{"line":56,"column":48}},{"start":{"line":57,"column":14},"end":{"line":57,"column":43}}]},"6":{"line":61,"type":"switch","locations":[{"start":{"line":68,"column":4},"end":{"line":150,"column":14},"skip":true},{"start":{"line":156,"column":4},"end":{"line":324,"column":14},"skip":true}]},"7":{"line":70,"type":"if","locations":[{"start":{"line":70,"column":12},"end":{"line":70,"column":12},"skip":true},{"start":{"line":70,"column":12},"end":{"line":70,"column":12},"skip":true}]},"8":{"line":70,"type":"binary-expr","locations":[{"start":{"line":70,"column":16},"end":{"line":70,"column":22},"skip":true},{"start":{"line":70,"column":27},"end":{"line":70,"column":32},"skip":true},{"start":{"line":71,"column":20},"end":{"line":71,"column":39},"skip":true},{"start":{"line":72,"column":20},"end":{"line":72,"column":49},"skip":true},{"start":{"line":73,"column":20},"end":{"line":73,"column":58},"skip":true},{"start":{"line":74,"column":20},"end":{"line":74,"column":69},"skip":true}]},"9":{"line":79,"type":"switch","locations":[{"start":{"line":80,"column":20},"end":{"line":80,"column":33},"skip":true},{"start":{"line":81,"column":20},"end":{"line":83,"column":30},"skip":true},{"start":{"line":84,"column":20},"end":{"line":85,"column":49},"skip":true}]},"10":{"line":89,"type":"switch","locations":[{"start":{"line":90,"column":12},"end":{"line":103,"column":22},"skip":true},{"start":{"line":105,"column":12},"end":{"line":106,"column":22},"skip":true}]},"11":{"line":89,"type":"binary-expr","locations":[{"start":{"line":89,"column":20},"end":{"line":89,"column":25},"skip":true},{"start":{"line":89,"column":29},"end":{"line":89,"column":48},"skip":true},{"start":{"line":89,"column":52},"end":{"line":89,"column":74},"skip":true}]},"12":{"line":92,"type":"if","locations":[{"start":{"line":92,"column":16},"end":{"line":92,"column":16},"skip":true},{"start":{"line":92,"column":16},"end":{"line":92,"column":16},"skip":true}]},"13":{"line":108,"type":"if","locations":[{"start":{"line":108,"column":12},"end":{"line":108,"column":12},"skip":true},{"start":{"line":108,"column":12},"end":{"line":108,"column":12},"skip":true}]},"14":{"line":108,"type":"binary-expr","locations":[{"start":{"line":108,"column":16},"end":{"line":108,"column":61},"skip":true},{"start":{"line":108,"column":66},"end":{"line":108,"column":72},"skip":true},{"start":{"line":108,"column":77},"end":{"line":108,"column":82},"skip":true},{"start":{"line":109,"column":20},"end":{"line":109,"column":39},"skip":true},{"start":{"line":110,"column":20},"end":{"line":110,"column":49},"skip":true},{"start":{"line":111,"column":20},"end":{"line":111,"column":58},"skip":true},{"start":{"line":112,"column":20},"end":{"line":112,"column":68},"skip":true}]},"15":{"line":129,"type":"if","locations":[{"start":{"line":129,"column":16},"end":{"line":129,"column":16},"skip":true},{"start":{"line":129,"column":16},"end":{"line":129,"column":16},"skip":true}]},"16":{"line":134,"type":"cond-expr","locations":[{"start":{"line":135,"column":26},"end":{"line":135,"column":29},"skip":true},{"start":{"line":136,"column":26},"end":{"line":136,"column":54},"skip":true}]},"17":{"line":164,"type":"binary-expr","locations":[{"start":{"line":164,"column":27},"end":{"line":164,"column":43},"skip":true},{"start":{"line":164,"column":47},"end":{"line":164,"column":49},"skip":true}]},"18":{"line":258,"type":"if","locations":[{"start":{"line":258,"column":8},"end":{"line":258,"column":8},"skip":true},{"start":{"line":258,"column":8},"end":{"line":258,"column":8},"skip":true}]},"19":{"line":275,"type":"switch","locations":[{"start":{"line":276,"column":20},"end":{"line":277,"column":64},"skip":true},{"start":{"line":278,"column":20},"end":{"line":279,"column":40},"skip":true},{"start":{"line":280,"column":20},"end":{"line":281,"column":40},"skip":true},{"start":{"line":282,"column":20},"end":{"line":283,"column":39},"skip":true}]},"20":{"line":288,"type":"if","locations":[{"start":{"line":288,"column":8},"end":{"line":288,"column":8},"skip":true},{"start":{"line":288,"column":8},"end":{"line":288,"column":8},"skip":true}]},"21":{"line":288,"type":"binary-expr","locations":[{"start":{"line":288,"column":12},"end":{"line":288,"column":40},"skip":true},{"start":{"line":288,"column":44},"end":{"line":288,"column":67},"skip":true}]},"22":{"line":292,"type":"binary-expr","locations":[{"start":{"line":292,"column":12},"end":{"line":292,"column":50},"skip":true},{"start":{"line":293,"column":12},"end":{"line":293,"column":53},"skip":true}]},"23":{"line":297,"type":"binary-expr","locations":[{"start":{"line":297,"column":12},"end":{"line":297,"column":62},"skip":true},{"start":{"line":298,"column":12},"end":{"line":301,"column":36},"skip":true}]},"24":{"line":303,"type":"binary-expr","locations":[{"start":{"line":303,"column":43},"end":{"line":303,"column":75},"skip":true},{"start":{"line":303,"column":79},"end":{"line":303,"column":81},"skip":true}]},"25":{"line":306,"type":"if","locations":[{"start":{"line":306,"column":8},"end":{"line":306,"column":8},"skip":true},{"start":{"line":306,"column":8},"end":{"line":306,"column":8},"skip":true}]},"26":{"line":310,"type":"if","locations":[{"start":{"line":310,"column":8},"end":{"line":310,"column":8},"skip":true},{"start":{"line":310,"column":8},"end":{"line":310,"column":8},"skip":true}]},"27":{"line":313,"type":"binary-expr","locations":[{"start":{"line":313,"column":27},"end":{"line":313,"column":43},"skip":true},{"start":{"line":313,"column":47},"end":{"line":313,"column":53},"skip":true}]},"28":{"line":317,"type":"if","locations":[{"start":{"line":317,"column":12},"end":{"line":317,"column":12},"skip":true},{"start":{"line":317,"column":12},"end":{"line":317,"column":12},"skip":true}]}},"code":["/*","example.js","","quickstart example","","instruction","    1. save this script as example.js","    2. run the shell command:","        $ npm install npmtest-nemo && PORT=8081 node example.js","    3. play with the browser-demo on http://127.0.0.1:8081","*/","","","","/* istanbul instrument in package npmtest_nemo */","/*jslint","    bitwise: true,","    browser: true,","    maxerr: 8,","    maxlen: 96,","    node: true,","    nomen: true,","    regexp: true,","    stupid: true","*/","(function () {","    'use strict';","    var local;","","","","    // run shared js-env code - pre-init","    (function () {","        // init local","        local = {};","        // init modeJs","        local.modeJs = (function () {","            try {","                return typeof navigator.userAgent === 'string' &&","                    typeof document.querySelector('body') === 'object' &&","                    typeof XMLHttpRequest.prototype.open === 'function' &&","                    'browser';","            } catch (errorCaughtBrowser) {","                return module.exports &&","                    typeof process.versions.node === 'string' &&","                    typeof require('http').createServer === 'function' &&","                    'node';","            }","        }());","        // init global","        local.global = local.modeJs === 'browser'","            ? window","            : global;","        // init utility2_rollup","        local = local.global.utility2_rollup || (local.modeJs === 'browser'","            ? local.global.utility2_npmtest_nemo","            : global.utility2_moduleExports);","        // export local","        local.global.local = local;","    }());","    switch (local.modeJs) {","","","","    // post-init","    // run browser js-env code - post-init","    /* istanbul ignore next */","    case 'browser':","        local.testRunBrowser = function (event) {","            if (!event || (event &&","                    event.currentTarget &&","                    event.currentTarget.className &&","                    event.currentTarget.className.includes &&","                    event.currentTarget.className.includes('onreset'))) {","                // reset output","                Array.from(","                    document.querySelectorAll('body > .resettable')","                ).forEach(function (element) {","                    switch (element.tagName) {","                    case 'INPUT':","                    case 'TEXTAREA':","                        element.value = '';","                        break;","                    default:","                        element.textContent = '';","                    }","                });","            }","            switch (event && event.currentTarget && event.currentTarget.id) {","            case 'testRunButton1':","                // show tests","                if (document.querySelector('#testReportDiv1').style.display === 'none') {","                    document.querySelector('#testReportDiv1').style.display = 'block';","                    document.querySelector('#testRunButton1').textContent =","                        'hide internal test';","                    local.modeTest = true;","                    local.testRunDefault(local);","                // hide tests","                } else {","                    document.querySelector('#testReportDiv1').style.display = 'none';","                    document.querySelector('#testRunButton1').textContent = 'run internal test';","                }","                break;","            // custom-case","            default:","                break;","            }","            if (document.querySelector('#inputTextareaEval1') && (!event || (event &&","                    event.currentTarget &&","                    event.currentTarget.className &&","                    event.currentTarget.className.includes &&","                    event.currentTarget.className.includes('oneval')))) {","                // try to eval input-code","                try {","                    /*jslint evil: true*/","                    eval(document.querySelector('#inputTextareaEval1').value);","                } catch (errorCaught) {","                    console.error(errorCaught);","                }","            }","        };","        // log stderr and stdout to #outputTextareaStdout1","        ['error', 'log'].forEach(function (key) {","            console[key + '_original'] = console[key];","            console[key] = function () {","                var element;","                console[key + '_original'].apply(console, arguments);","                element = document.querySelector('#outputTextareaStdout1');","                if (!element) {","                    return;","                }","                // append text to #outputTextareaStdout1","                element.value += Array.from(arguments).map(function (arg) {","                    return typeof arg === 'string'","                        ? arg","                        : JSON.stringify(arg, null, 4);","                }).join(' ') + '\\n';","                // scroll textarea to bottom","                element.scrollTop = element.scrollHeight;","            };","        });","        // init event-handling","        ['change', 'click', 'keyup'].forEach(function (event) {","            Array.from(document.querySelectorAll('.on' + event)).forEach(function (element) {","                element.addEventListener(event, local.testRunBrowser);","            });","        });","        // run tests","        local.testRunBrowser();","        break;","","","","    // run node js-env code - post-init","    /* istanbul ignore next */","    case 'node':","        // export local","        module.exports = local;","        // require modules","        local.fs = require('fs');","        local.http = require('http');","        local.url = require('url');","        // init assets","        local.assetsDict = local.assetsDict || {};","        /* jslint-ignore-begin */","        local.assetsDict['/assets.index.template.html'] = '\\","<!doctype html>\\n\\","<html lang=\"en\">\\n\\","<head>\\n\\","<meta charset=\"UTF-8\">\\n\\","<meta name=\"viewport\" content=\"width=device-width, initial-scale=1\">\\n\\","<title>{{env.npm_package_name}} (v{{env.npm_package_version}})</title>\\n\\","<style>\\n\\","/*csslint\\n\\","    box-sizing: false,\\n\\","    universal-selector: false\\n\\","*/\\n\\","* {\\n\\","    box-sizing: border-box;\\n\\","}\\n\\","body {\\n\\","    background: #dde;\\n\\","    font-family: Arial, Helvetica, sans-serif;\\n\\","    margin: 2rem;\\n\\","}\\n\\","body > * {\\n\\","    margin-bottom: 1rem;\\n\\","}\\n\\",".utility2FooterDiv {\\n\\","    margin-top: 20px;\\n\\","    text-align: center;\\n\\","}\\n\\","</style>\\n\\","<style>\\n\\","/*csslint\\n\\","*/\\n\\","textarea {\\n\\","    font-family: monospace;\\n\\","    height: 10rem;\\n\\","    width: 100%;\\n\\","}\\n\\","textarea[readonly] {\\n\\","    background: #ddd;\\n\\","}\\n\\","</style>\\n\\","</head>\\n\\","<body>\\n\\","<!-- utility2-comment\\n\\","<div id=\"ajaxProgressDiv1\" style=\"background: #d00; height: 2px; left: 0; margin: 0; padding: 0; position: fixed; top: 0; transition: background 0.5s, width 1.5s; width: 25%;\"></div>\\n\\","utility2-comment -->\\n\\","<h1>\\n\\","<!-- utility2-comment\\n\\","    <a\\n\\","        {{#if env.npm_package_homepage}}\\n\\","        href=\"{{env.npm_package_homepage}}\"\\n\\","        {{/if env.npm_package_homepage}}\\n\\","        target=\"_blank\"\\n\\","    >\\n\\","utility2-comment -->\\n\\","        {{env.npm_package_name}} (v{{env.npm_package_version}})\\n\\","<!-- utility2-comment\\n\\","    </a>\\n\\","utility2-comment -->\\n\\","</h1>\\n\\","<h3>{{env.npm_package_description}}</h3>\\n\\","<!-- utility2-comment\\n\\","<h4><a download href=\"assets.app.js\">download standalone app</a></h4>\\n\\","<button class=\"onclick onreset\" id=\"testRunButton1\">run internal test</button><br>\\n\\","<div id=\"testReportDiv1\" style=\"display: none;\"></div>\\n\\","utility2-comment -->\\n\\","\\n\\","\\n\\","\\n\\","<label>stderr and stdout</label>\\n\\","<textarea class=\"resettable\" id=\"outputTextareaStdout1\" readonly></textarea>\\n\\","<!-- utility2-comment\\n\\","{{#if isRollup}}\\n\\","<script src=\"assets.app.js\"></script>\\n\\","{{#unless isRollup}}\\n\\","utility2-comment -->\\n\\","<script src=\"assets.utility2.rollup.js\"></script>\\n\\","<script src=\"jsonp.utility2._stateInit?callback=window.utility2._stateInit\"></script>\\n\\","<script src=\"assets.npmtest_nemo.rollup.js\"></script>\\n\\","<script src=\"assets.example.js\"></script>\\n\\","<script src=\"assets.test.js\"></script>\\n\\","<!-- utility2-comment\\n\\","{{/if isRollup}}\\n\\","utility2-comment -->\\n\\","<div class=\"utility2FooterDiv\">\\n\\","    [ this app was created with\\n\\","    <a href=\"https://github.com/kaizhu256/node-utility2\" target=\"_blank\">utility2</a>\\n\\","    ]\\n\\","</div>\\n\\","</body>\\n\\","</html>\\n\\","';","        /* jslint-ignore-end */","        if (local.templateRender) {","            local.assetsDict['/'] = local.templateRender(","                local.assetsDict['/assets.index.template.html'],","                {","                    env: local.objectSetDefault(local.env, {","                        npm_package_description: 'the greatest app in the world!',","                        npm_package_name: 'my-app',","                        npm_package_nameAlias: 'my_app',","                        npm_package_version: '0.0.1'","                    })","                }","            );","        } else {","            local.assetsDict['/'] = local.assetsDict['/assets.index.template.html']","                .replace((/\\{\\{env\\.(\\w+?)\\}\\}/g), function (match0, match1) {","                    // jslint-hack","                    String(match0);","                    switch (match1) {","                    case 'npm_package_description':","                        return 'the greatest app in the world!';","                    case 'npm_package_name':","                        return 'my-app';","                    case 'npm_package_nameAlias':","                        return 'my_app';","                    case 'npm_package_version':","                        return '0.0.1';","                    }","                });","        }","        // run the cli","        if (local.global.utility2_rollup || module !== require.main) {","            break;","        }","        local.assetsDict['/assets.example.js'] =","            local.assetsDict['/assets.example.js'] ||","            local.fs.readFileSync(__filename, 'utf8');","        // bug-workaround - long $npm_package_buildCustomOrg","        /* jslint-ignore-begin */","        local.assetsDict['/assets.npmtest_nemo.rollup.js'] =","            local.assetsDict['/assets.npmtest_nemo.rollup.js'] ||","            local.fs.readFileSync(","                local.npmtest_nemo.__dirname + '/lib.npmtest_nemo.js',","                'utf8'","            ).replace((/^#!/), '//');","        /* jslint-ignore-end */","        local.assetsDict['/favicon.ico'] = local.assetsDict['/favicon.ico'] || '';","        // if $npm_config_timeout_exit exists,","        // then exit this process after $npm_config_timeout_exit ms","        if (Number(process.env.npm_config_timeout_exit)) {","            setTimeout(process.exit, Number(process.env.npm_config_timeout_exit));","        }","        // start server","        if (local.global.utility2_serverHttp1) {","            break;","        }","        process.env.PORT = process.env.PORT || '8081';","        console.error('server starting on port ' + process.env.PORT);","        local.http.createServer(function (request, response) {","            request.urlParsed = local.url.parse(request.url);","            if (local.assetsDict[request.urlParsed.pathname] !== undefined) {","                response.end(local.assetsDict[request.urlParsed.pathname]);","                return;","            }","            response.statusCode = 404;","            response.end();","        }).listen(process.env.PORT);","        break;","    }","}());",""],"l":{"26":2,"28":2,"33":2,"35":2,"37":2,"38":2,"39":2,"44":1,"51":2,"55":2,"59":2,"61":2,"69":1,"70":2,"76":2,"79":2,"82":2,"83":2,"85":1,"89":2,"92":1,"93":1,"94":1,"96":1,"97":1,"100":1,"101":1,"103":1,"106":1,"108":2,"114":1,"116":1,"118":1,"123":1,"124":2,"125":2,"126":3,"127":3,"128":3,"129":3,"130":1,"133":3,"134":3,"139":3,"143":1,"144":3,"145":1,"149":1,"150":1,"158":1,"160":1,"161":1,"162":1,"164":1,"166":1,"258":1,"259":1,"271":1,"274":6,"275":6,"277":1,"279":2,"281":1,"283":2,"288":1,"289":1,"291":1,"296":1,"303":1,"306":1,"307":1,"310":1,"311":1,"313":1,"314":1,"315":1,"316":1,"317":1,"318":1,"319":1,"321":1,"322":1,"324":1}},"/home/travis/build/npmtest/node-npmtest-nemo/node_modules/nemo/index.js":{"path":"/home/travis/build/npmtest/node-npmtest-nemo/node_modules/nemo/index.js","s":{"1":1,"2":1,"3":1,"4":1,"5":0,"6":0,"7":0,"8":0,"9":0,"10":0,"11":0,"12":0,"13":0,"14":0,"15":0,"16":0,"17":0,"18":0,"19":0,"20":0,"21":0,"22":0,"23":0,"24":0,"25":0,"26":0,"27":0,"28":0,"29":0,"30":0,"31":0,"32":1},"b":{"1":[0,0],"2":[0,0],"3":[0,0],"4":[0,0],"5":[0,0],"6":[0,0],"7":[0,0],"8":[0,0,0],"9":[0,0],"10":[0,0,0,0],"11":[0,0,0],"12":[0,0],"13":[0,0],"14":[0,0],"15":[0,0,0]},"f":{"1":0,"2":0,"3":0,"4":0},"fnMap":{"1":{"name":"Nemo","line":36,"loc":{"start":{"line":36,"column":17},"end":{"line":36,"column":63}}},"2":{"name":"(anonymous_2)","line":57,"loc":{"start":{"line":57,"column":9},"end":{"line":57,"column":27}}},"3":{"name":"(anonymous_3)","line":67,"loc":{"start":{"line":67,"column":10},"end":{"line":67,"column":28}}},"4":{"name":"(anonymous_4)","line":71,"loc":{"start":{"line":71,"column":10},"end":{"line":71,"column":27}}}},"statementMap":{"1":{"start":{"line":17,"column":0},"end":{"line":24,"column":25}},"2":{"start":{"line":26,"column":0},"end":{"line":26,"column":36}},"3":{"start":{"line":27,"column":0},"end":{"line":27,"column":40}},"4":{"start":{"line":36,"column":0},"end":{"line":78,"column":2}},"5":{"start":{"line":37,"column":2},"end":{"line":37,"column":32}},"6":{"start":{"line":39,"column":2},"end":{"line":39,"column":42}},"7":{"start":{"line":40,"column":2},"end":{"line":40,"column":16}},"8":{"start":{"line":43,"column":2},"end":{"line":45,"column":3}},"9":{"start":{"line":44,"column":4},"end":{"line":44,"column":31}},"10":{"start":{"line":48,"column":2},"end":{"line":48,"column":129}},"11":{"start":{"line":49,"column":2},"end":{"line":49,"column":94}},"12":{"start":{"line":50,"column":2},"end":{"line":50,"column":113}},"13":{"start":{"line":51,"column":2},"end":{"line":51,"column":141}},"14":{"start":{"line":52,"column":2},"end":{"line":52,"column":60}},"15":{"start":{"line":53,"column":2},"end":{"line":53,"column":40}},"16":{"start":{"line":54,"column":2},"end":{"line":63,"column":3}},"17":{"start":{"line":55,"column":4},"end":{"line":55,"column":29}},"18":{"start":{"line":56,"column":4},"end":{"line":56,"column":22}},"19":{"start":{"line":57,"column":4},"end":{"line":62,"column":6}},"20":{"start":{"line":58,"column":6},"end":{"line":60,"column":7}},"21":{"start":{"line":59,"column":8},"end":{"line":59,"column":34}},"22":{"start":{"line":61,"column":6},"end":{"line":61,"column":24}},"23":{"start":{"line":64,"column":2},"end":{"line":64,"column":26}},"24":{"start":{"line":65,"column":2},"end":{"line":65,"column":40}},"25":{"start":{"line":66,"column":2},"end":{"line":76,"column":15}},"26":{"start":{"line":68,"column":6},"end":{"line":68,"column":32}},"27":{"start":{"line":69,"column":6},"end":{"line":69,"column":27}},"28":{"start":{"line":72,"column":6},"end":{"line":72,"column":28}},"29":{"start":{"line":73,"column":6},"end":{"line":73,"column":27}},"30":{"start":{"line":74,"column":6},"end":{"line":74,"column":28}},"31":{"start":{"line":77,"column":2},"end":{"line":77,"column":42}},"32":{"start":{"line":80,"column":0},"end":{"line":80,"column":37}}},"branchMap":{"1":{"line":43,"type":"if","locations":[{"start":{"line":43,"column":2},"end":{"line":43,"column":2}},{"start":{"line":43,"column":2},"end":{"line":43,"column":2}}]},"2":{"line":43,"type":"binary-expr","locations":[{"start":{"line":43,"column":6},"end":{"line":43,"column":28}},{"start":{"line":43,"column":32},"end":{"line":43,"column":48}}]},"3":{"line":48,"type":"cond-expr","locations":[{"start":{"line":48,"column":85},"end":{"line":48,"column":116}},{"start":{"line":48,"column":119},"end":{"line":48,"column":128}}]},"4":{"line":48,"type":"binary-expr","locations":[{"start":{"line":48,"column":8},"end":{"line":48,"column":24}},{"start":{"line":48,"column":28},"end":{"line":48,"column":81}}]},"5":{"line":49,"type":"cond-expr","locations":[{"start":{"line":49,"column":69},"end":{"line":49,"column":81}},{"start":{"line":49,"column":84},"end":{"line":49,"column":93}}]},"6":{"line":49,"type":"binary-expr","locations":[{"start":{"line":49,"column":13},"end":{"line":49,"column":29}},{"start":{"line":49,"column":33},"end":{"line":49,"column":65}}]},"7":{"line":50,"type":"cond-expr","locations":[{"start":{"line":50,"column":88},"end":{"line":50,"column":100}},{"start":{"line":50,"column":103},"end":{"line":50,"column":112}}]},"8":{"line":50,"type":"binary-expr","locations":[{"start":{"line":50,"column":20},"end":{"line":50,"column":28}},{"start":{"line":50,"column":32},"end":{"line":50,"column":48}},{"start":{"line":50,"column":52},"end":{"line":50,"column":84}}]},"9":{"line":51,"type":"cond-expr","locations":[{"start":{"line":51,"column":111},"end":{"line":51,"column":123}},{"start":{"line":51,"column":126},"end":{"line":51,"column":140}}]},"10":{"line":51,"type":"binary-expr","locations":[{"start":{"line":51,"column":20},"end":{"line":51,"column":35}},{"start":{"line":51,"column":39},"end":{"line":51,"column":55}},{"start":{"line":51,"column":59},"end":{"line":51,"column":71}},{"start":{"line":51,"column":75},"end":{"line":51,"column":107}}]},"11":{"line":52,"type":"binary-expr","locations":[{"start":{"line":52,"column":12},"end":{"line":52,"column":19}},{"start":{"line":52,"column":23},"end":{"line":52,"column":46}},{"start":{"line":52,"column":50},"end":{"line":52,"column":59}}]},"12":{"line":53,"type":"binary-expr","locations":[{"start":{"line":53,"column":19},"end":{"line":53,"column":33}},{"start":{"line":53,"column":37},"end":{"line":53,"column":39}}]},"13":{"line":54,"type":"if","locations":[{"start":{"line":54,"column":2},"end":{"line":54,"column":2}},{"start":{"line":54,"column":2},"end":{"line":54,"column":2}}]},"14":{"line":58,"type":"if","locations":[{"start":{"line":58,"column":6},"end":{"line":58,"column":6}},{"start":{"line":58,"column":6},"end":{"line":58,"column":6}}]},"15":{"line":77,"type":"binary-expr","locations":[{"start":{"line":77,"column":9},"end":{"line":77,"column":15}},{"start":{"line":77,"column":19},"end":{"line":77,"column":33}},{"start":{"line":77,"column":37},"end":{"line":77,"column":41}}]}},"code":["/*───────────────────────────────────────────────────────────────────────────*\\"," │  Copyright (C) 2014 PayPal                                                  │"," │                                                                             │"," │                                                                             │"," │   Licensed under the Apache License, Version 2.0 (the \"License\"); you may   │"," │   not use this file except in compliance with the License. You may obtain   │"," │   a copy of the License at http://www.apache.org/licenses/LICENSE-2.0       │"," │                                                                             │"," │   Unless required by applicable law or agreed to in writing, software       │"," │   distributed under the License is distributed on an \"AS IS\" BASIS,         │"," │   WITHOUT WARRANTIES OR CONDITIONS OF ANY KIND, either express or implied.  │"," │   See the License for the specific language governing permissions and       │"," │   limitations under the License.                                            │"," \\*───────────────────────────────────────────────────────────────────────────*/","'use strict';","","let Promiz = require('./lib/promise'),","  Configure = require('./lib/configure'),","  Setup = require('./lib/setup'),","  debug = require('debug'),","  log = debug('nemo:log'),","  error = debug('nemo:error'),","  _ = require('lodash'),","  path = require('path');","","log.log = console.log.bind(console);","error.log = console.error.bind(console);","","/**"," * Represents a Nemo instance"," * @constructor"," * @param {Object} config - Object which contains any plugin registration and optionally nemoData"," *"," */","","module.exports = function Nemo(_basedir, _configOverride, _cb) {","  log('Nemo constructor begin');","  //argument vars","  var basedir, configOverride, cb, promiz;","  var nemo = {};","","  //check for confit object as single parameter","  if (arguments.length === 1 && arguments[0].get) {","    return Setup(arguments[0]);","  }","","  //settle arguments","  cb = (arguments.length && typeof arguments[arguments.length - 1] === 'function') ? arguments[arguments.length - 1] : undefined;","  basedir = (arguments.length && typeof arguments[0] === 'string') ? arguments[0] : undefined;","  configOverride = (!basedir && arguments.length && typeof arguments[0] === 'object') ? arguments[0] : undefined;","  configOverride = (!configOverride && arguments.length && arguments[1] && typeof arguments[1] === 'object') ? arguments[1] : configOverride;","  basedir = basedir || process.env.nemoBaseDir || undefined;","  configOverride = configOverride || {};","  if (!cb) {","    log('returning promise');","    promiz = Promiz();","    cb = function (err, n) {","      if (err) {","        return promiz.reject(err);","      }","      promiz.fulfill(n);","    };","  }","  log('basedir', basedir);","  log('configOverride', configOverride);","  Configure(basedir, configOverride)","    .then(function (config) {","      log('Configure complete');","      return Setup(config);","    })","    .then(function (_nemo) {","      log('Setup complete');","      _.merge(nemo, _nemo);","      return cb(null, nemo);","    })","    .catch(cb);","  return promiz && promiz.promise || nemo;","};","","module.exports.Configure = Configure;"],"l":{"17":1,"26":1,"27":1,"36":1,"37":0,"39":0,"40":0,"43":0,"44":0,"48":0,"49":0,"50":0,"51":0,"52":0,"53":0,"54":0,"55":0,"56":0,"57":0,"58":0,"59":0,"61":0,"64":0,"65":0,"66":0,"68":0,"69":0,"72":0,"73":0,"74":0,"77":0,"80":1}},"/home/travis/build/npmtest/node-npmtest-nemo/node_modules/nemo/lib/promise.js":{"path":"/home/travis/build/npmtest/node-npmtest-nemo/node_modules/nemo/lib/promise.js","s":{"1":1,"2":1,"3":1,"4":1,"5":1,"6":0,"7":0,"8":0,"9":0,"10":0,"11":0,"12":0,"13":0,"14":0,"15":0},"b":{"1":[0,0]},"f":{"1":0,"2":0,"3":0,"4":0},"fnMap":{"1":{"name":"(anonymous_1)","line":8,"loc":{"start":{"line":8,"column":17},"end":{"line":8,"column":29}}},"2":{"name":"(anonymous_2)","line":12,"loc":{"start":{"line":12,"column":18},"end":{"line":12,"column":31}}},"3":{"name":"(anonymous_3)","line":15,"loc":{"start":{"line":15,"column":17},"end":{"line":15,"column":32}}},"4":{"name":"(anonymous_4)","line":18,"loc":{"start":{"line":18,"column":45},"end":{"line":18,"column":66}}}},"statementMap":{"1":{"start":{"line":3,"column":0},"end":{"line":3,"column":41}},"2":{"start":{"line":4,"column":0},"end":{"line":4,"column":31}},"3":{"start":{"line":5,"column":0},"end":{"line":5,"column":30}},"4":{"start":{"line":6,"column":0},"end":{"line":6,"column":34}},"5":{"start":{"line":8,"column":0},"end":{"line":23,"column":2}},"6":{"start":{"line":10,"column":4},"end":{"line":10,"column":15}},"7":{"start":{"line":11,"column":4},"end":{"line":11,"column":38}},"8":{"start":{"line":12,"column":4},"end":{"line":14,"column":6}},"9":{"start":{"line":13,"column":8},"end":{"line":13,"column":28}},"10":{"start":{"line":15,"column":4},"end":{"line":17,"column":6}},"11":{"start":{"line":16,"column":8},"end":{"line":16,"column":29}},"12":{"start":{"line":18,"column":4},"end":{"line":21,"column":26}},"13":{"start":{"line":19,"column":8},"end":{"line":19,"column":23}},"14":{"start":{"line":20,"column":8},"end":{"line":20,"column":21}},"15":{"start":{"line":22,"column":3},"end":{"line":22,"column":45}}},"branchMap":{"1":{"line":18,"type":"cond-expr","locations":[{"start":{"line":18,"column":33},"end":{"line":21,"column":6}},{"start":{"line":21,"column":9},"end":{"line":21,"column":25}}]}},"code":["'use strict';","","const wd = require('selenium-webdriver');","const debug = require('debug');","const log = debug('nemo:log');","const error = debug('nemo:error');","","module.exports = function () {","    //return a nodejs promise or webdriver promise","    let promiz;","    let wdPromiz = wd.promise.defer();","    let fulfill = function (n) {","        wdPromiz.fulfill(n);","    };","    let reject = function (err) {","        wdPromiz.reject(err);","    };","    promiz = (global.Promsise) ? new Promise(function (good, bad) {","        fulfill = good;","        reject = bad;","    }) : wdPromiz.promise;","   return {promise: promiz, fulfill, reject};","};"],"l":{"3":1,"4":1,"5":1,"6":1,"8":1,"10":0,"11":0,"12":0,"13":0,"15":0,"16":0,"18":0,"19":0,"20":0,"22":0}},"/home/travis/build/npmtest/node-npmtest-nemo/node_modules/nemo/lib/configure.js":{"path":"/home/travis/build/npmtest/node-npmtest-nemo/node_modules/nemo/lib/configure.js","s":{"1":1,"2":1,"3":1,"4":1,"5":0,"6":0,"7":0,"8":0,"9":0,"10":0,"11":0,"12":0,"13":0,"14":0,"15":0,"16":0,"17":0,"18":0,"19":0,"20":0,"21":0,"22":0,"23":0,"24":0,"25":0,"26":0,"27":0,"28":0,"29":0,"30":0,"31":0,"32":0,"33":1,"34":0,"35":0,"36":0,"37":0,"38":0,"39":0,"40":0,"41":0,"42":0,"43":0},"b":{"1":[0,0],"2":[0,0],"3":[0,0],"4":[0,0],"5":[0,0,0],"6":[0,0],"7":[0,0,0,0],"8":[0,0],"9":[0,0],"10":[0,0],"11":[0,0],"12":[0,0]},"f":{"1":0,"2":0,"3":0,"4":0,"5":0,"6":0},"fnMap":{"1":{"name":"Configure","line":16,"loc":{"start":{"line":16,"column":17},"end":{"line":16,"column":63}}},"2":{"name":"argHandler","line":43,"loc":{"start":{"line":43,"column":12},"end":{"line":43,"column":37}}},"3":{"name":"(anonymous_3)","line":58,"loc":{"start":{"line":58,"column":59},"end":{"line":58,"column":82}}},"4":{"name":"(anonymous_4)","line":71,"loc":{"start":{"line":71,"column":16},"end":{"line":71,"column":32}}},"5":{"name":"(anonymous_5)","line":77,"loc":{"start":{"line":77,"column":15},"end":{"line":77,"column":27}}},"6":{"name":"(anonymous_6)","line":90,"loc":{"start":{"line":90,"column":13},"end":{"line":90,"column":25}}}},"statementMap":{"1":{"start":{"line":3,"column":0},"end":{"line":11,"column":30}},"2":{"start":{"line":13,"column":0},"end":{"line":13,"column":36}},"3":{"start":{"line":14,"column":0},"end":{"line":14,"column":40}},"4":{"start":{"line":16,"column":0},"end":{"line":69,"column":2}},"5":{"start":{"line":17,"column":2},"end":{"line":17,"column":68}},"6":{"start":{"line":18,"column":2},"end":{"line":18,"column":30}},"7":{"start":{"line":20,"column":2},"end":{"line":20,"column":121}},"8":{"start":{"line":21,"column":2},"end":{"line":21,"column":113}},"9":{"start":{"line":22,"column":2},"end":{"line":22,"column":141}},"10":{"start":{"line":23,"column":2},"end":{"line":23,"column":59}},"11":{"start":{"line":25,"column":2},"end":{"line":25,"column":64}},"12":{"start":{"line":27,"column":2},"end":{"line":27,"column":22}},"13":{"start":{"line":31,"column":2},"end":{"line":31,"column":34}},"14":{"start":{"line":32,"column":2},"end":{"line":32,"column":38}},"15":{"start":{"line":33,"column":2},"end":{"line":33,"column":40}},"16":{"start":{"line":34,"column":2},"end":{"line":48,"column":4}},"17":{"start":{"line":44,"column":8},"end":{"line":44,"column":30}},"18":{"start":{"line":45,"column":8},"end":{"line":45,"column":31}},"19":{"start":{"line":49,"column":2},"end":{"line":51,"column":3}},"20":{"start":{"line":50,"column":4},"end":{"line":50,"column":57}},"21":{"start":{"line":52,"column":2},"end":{"line":52,"column":39}},"22":{"start":{"line":53,"column":2},"end":{"line":53,"column":111}},"23":{"start":{"line":55,"column":2},"end":{"line":55,"column":73}},"24":{"start":{"line":56,"column":2},"end":{"line":56,"column":43}},"25":{"start":{"line":58,"column":2},"end":{"line":67,"column":5}},"26":{"start":{"line":60,"column":4},"end":{"line":60,"column":20}},"27":{"start":{"line":61,"column":4},"end":{"line":61,"column":22}},"28":{"start":{"line":62,"column":4},"end":{"line":62,"column":23}},"29":{"start":{"line":63,"column":4},"end":{"line":65,"column":5}},"30":{"start":{"line":64,"column":6},"end":{"line":64,"column":30}},"31":{"start":{"line":66,"column":4},"end":{"line":66,"column":25}},"32":{"start":{"line":68,"column":2},"end":{"line":68,"column":22}},"33":{"start":{"line":71,"column":0},"end":{"line":94,"column":2}},"34":{"start":{"line":72,"column":2},"end":{"line":72,"column":22}},"35":{"start":{"line":73,"column":2},"end":{"line":73,"column":40}},"36":{"start":{"line":74,"column":2},"end":{"line":80,"column":3}},"37":{"start":{"line":75,"column":4},"end":{"line":79,"column":6}},"38":{"start":{"line":81,"column":2},"end":{"line":87,"column":3}},"39":{"start":{"line":82,"column":4},"end":{"line":82,"column":53}},"40":{"start":{"line":83,"column":4},"end":{"line":83,"column":29}},"41":{"start":{"line":86,"column":4},"end":{"line":86,"column":15}},"42":{"start":{"line":88,"column":2},"end":{"line":93,"column":4}},"43":{"start":{"line":91,"column":6},"end":{"line":91,"column":40}}},"branchMap":{"1":{"line":20,"type":"cond-expr","locations":[{"start":{"line":20,"column":69},"end":{"line":20,"column":81}},{"start":{"line":20,"column":84},"end":{"line":20,"column":120}}]},"2":{"line":20,"type":"binary-expr","locations":[{"start":{"line":20,"column":13},"end":{"line":20,"column":29}},{"start":{"line":20,"column":33},"end":{"line":20,"column":65}}]},"3":{"line":20,"type":"binary-expr","locations":[{"start":{"line":20,"column":84},"end":{"line":20,"column":107}},{"start":{"line":20,"column":111},"end":{"line":20,"column":120}}]},"4":{"line":21,"type":"cond-expr","locations":[{"start":{"line":21,"column":88},"end":{"line":21,"column":100}},{"start":{"line":21,"column":103},"end":{"line":21,"column":112}}]},"5":{"line":21,"type":"binary-expr","locations":[{"start":{"line":21,"column":20},"end":{"line":21,"column":28}},{"start":{"line":21,"column":32},"end":{"line":21,"column":48}},{"start":{"line":21,"column":52},"end":{"line":21,"column":84}}]},"6":{"line":22,"type":"cond-expr","locations":[{"start":{"line":22,"column":111},"end":{"line":22,"column":123}},{"start":{"line":22,"column":126},"end":{"line":22,"column":140}}]},"7":{"line":22,"type":"binary-expr","locations":[{"start":{"line":22,"column":20},"end":{"line":22,"column":35}},{"start":{"line":22,"column":39},"end":{"line":22,"column":55}},{"start":{"line":22,"column":59},"end":{"line":22,"column":71}},{"start":{"line":22,"column":75},"end":{"line":22,"column":107}}]},"8":{"line":23,"type":"cond-expr","locations":[{"start":{"line":23,"column":39},"end":{"line":23,"column":41}},{"start":{"line":23,"column":44},"end":{"line":23,"column":58}}]},"9":{"line":45,"type":"binary-expr","locations":[{"start":{"line":45,"column":15},"end":{"line":45,"column":24}},{"start":{"line":45,"column":28},"end":{"line":45,"column":30}}]},"10":{"line":49,"type":"if","locations":[{"start":{"line":49,"column":2},"end":{"line":49,"column":2}},{"start":{"line":49,"column":2},"end":{"line":49,"column":2}}]},"11":{"line":63,"type":"if","locations":[{"start":{"line":63,"column":4},"end":{"line":63,"column":4}},{"start":{"line":63,"column":4},"end":{"line":63,"column":4}}]},"12":{"line":74,"type":"if","locations":[{"start":{"line":74,"column":2},"end":{"line":74,"column":2}},{"start":{"line":74,"column":2},"end":{"line":74,"column":2}}]}},"code":["'use strict';","","let debug = require('debug'),","  log = debug('nemo:log'),","  confit = require('confit'),","  _ = require('lodash'),","  path = require('path'),","  Promiz = require('./promise'),","  handlers = require('shortstop-handlers'),","  yargs = require('yargs'),","  error = debug('nemo:error');","","log.log = console.log.bind(console);","error.log = console.error.bind(console);","","module.exports = function Configure(_basedir, _configOverride) {","  log('_basedir %s, _configOverride %o', _basedir, _configOverride);","  let basedir, configOverride;","  //settle arguments","  basedir = (arguments.length && typeof arguments[0] === 'string') ? arguments[0] : process.env.nemoBaseDir || undefined;","  configOverride = (!basedir && arguments.length && typeof arguments[0] === 'object') ? arguments[0] : undefined;","  configOverride = (!configOverride && arguments.length && arguments[1] && typeof arguments[1] === 'object') ? arguments[1] : configOverride;","  configOverride = (!configOverride) ? {} : configOverride;","","  log('basedir %s, configOverride %o', basedir, configOverride);","","  let prom = Promiz();","","  //hack because confit doesn't JSON.parse environment variables before merging","  //look into using shorstop handler or pseudo-handler in place of this","  let envdata = envToJSON('data');","  let envdriver = envToJSON('driver');","  let envplugins = envToJSON('plugins');","  let confitOptions = {","    protocols: {","      path: handlers.path(basedir),","      env: handlers.env(),","      file: handlers.file(basedir),","      base64: handlers.base64(),","      require: handlers.require(basedir),","      exec: handlers.exec(basedir),","      glob: handlers.glob(basedir),","      argv: function argHandler(val) {","        let argv = yargs.argv;","        return argv[val] || '';","      }","    }","  };","  if (basedir) {","    confitOptions.basedir = path.join(basedir, 'config');","  }","  log('confit options', confitOptions);","  log('confit overrides: \\ndata: %o,\\ndriver: %o\\nplugins: %o', envdata.json, envdriver.json, envplugins.json);","  //merge any environment JSON into configOverride","  _.merge(configOverride, envdata.json, envdriver.json, envplugins.json);","  log('configOverride %o', configOverride);","","  confit(confitOptions).addOverride(configOverride).create(function (err, config) {","    //reset env variables","    envdata.reset();","    envdriver.reset();","    envplugins.reset();","    if (err) {","      return prom.reject(err);","    }","    prom.fulfill(config);","  });","  return prom.promise;","};","","let envToJSON = function (prop) {","  let returnJSON = {};","  let originalValue = process.env[prop];","  if (originalValue === undefined) {","    return {","      'json': {},","      'reset': function () {","      }","    };","  }","  try {","    returnJSON[prop] = JSON.parse(process.env[prop]);","    delete process.env[prop];","  } catch (err) {","    //noop","    error(err);","  }","  return {","    'json': returnJSON,","    'reset': function () {","      process.env[prop] = originalValue;","    }","  };","};","",""],"l":{"3":1,"13":1,"14":1,"16":1,"17":0,"18":0,"20":0,"21":0,"22":0,"23":0,"25":0,"27":0,"31":0,"32":0,"33":0,"34":0,"44":0,"45":0,"49":0,"50":0,"52":0,"53":0,"55":0,"56":0,"58":0,"60":0,"61":0,"62":0,"63":0,"64":0,"66":0,"68":0,"71":1,"72":0,"73":0,"74":0,"75":0,"81":0,"82":0,"83":0,"86":0,"88":0,"91":0}},"/home/travis/build/npmtest/node-npmtest-nemo/node_modules/nemo/lib/setup.js":{"path":"/home/travis/build/npmtest/node-npmtest-nemo/node_modules/nemo/lib/setup.js","s":{"1":1,"2":1,"3":1,"4":1,"5":0,"6":0,"7":0,"8":0,"9":0,"10":0,"11":0,"12":0,"13":0,"14":0,"15":0,"16":0,"17":0,"18":0,"19":0,"20":0,"21":0,"22":0,"23":1,"24":0,"25":0,"26":0,"27":0,"28":0,"29":0,"30":0,"31":0,"32":1,"33":0,"34":0,"35":0,"36":0,"37":0,"38":0,"39":0,"40":0,"41":0,"42":0,"43":0,"44":0,"45":0,"46":0,"47":0},"b":{"1":[0,0],"2":[0,0],"3":[0,0],"4":[0,0],"5":[0,0]},"f":{"1":0,"2":0,"3":0,"4":0,"5":0,"6":0,"7":0,"8":0,"9":0,"10":0,"11":0,"12":0},"fnMap":{"1":{"name":"setup","line":16,"loc":{"start":{"line":16,"column":12},"end":{"line":16,"column":39}}},"2":{"name":"(anonymous_2)","line":23,"loc":{"start":{"line":23,"column":10},"end":{"line":23,"column":33}}},"3":{"name":"(anonymous_3)","line":26,"loc":{"start":{"line":26,"column":57},"end":{"line":26,"column":72}}},"4":{"name":"setWebdriver","line":29,"loc":{"start":{"line":29,"column":26},"end":{"line":29,"column":58}}},"5":{"name":"waterfall","line":39,"loc":{"start":{"line":39,"column":35},"end":{"line":39,"column":59}}},"6":{"name":"(anonymous_6)","line":47,"loc":{"start":{"line":47,"column":11},"end":{"line":47,"column":26}}},"7":{"name":"(anonymous_7)","line":53,"loc":{"start":{"line":53,"column":18},"end":{"line":53,"column":35}}},"8":{"name":"driversetup","line":54,"loc":{"start":{"line":54,"column":9},"end":{"line":54,"column":40}}},"9":{"name":"setupCallback","line":57,"loc":{"start":{"line":57,"column":35},"end":{"line":57,"column":72}}},"10":{"name":"(anonymous_10)","line":73,"loc":{"start":{"line":73,"column":17},"end":{"line":73,"column":35}}},"11":{"name":"(anonymous_11)","line":80,"loc":{"start":{"line":80,"column":21},"end":{"line":80,"column":33}}},"12":{"name":"(anonymous_12)","line":84,"loc":{"start":{"line":84,"column":18},"end":{"line":84,"column":39}}}},"statementMap":{"1":{"start":{"line":3,"column":0},"end":{"line":10,"column":31}},"2":{"start":{"line":12,"column":0},"end":{"line":12,"column":36}},"3":{"start":{"line":13,"column":0},"end":{"line":13,"column":40}},"4":{"start":{"line":16,"column":0},"end":{"line":51,"column":2}},"5":{"start":{"line":17,"column":2},"end":{"line":21,"column":4}},"6":{"start":{"line":22,"column":2},"end":{"line":50,"column":7}},"7":{"start":{"line":25,"column":6},"end":{"line":25,"column":63}},"8":{"start":{"line":26,"column":6},"end":{"line":28,"column":9}},"9":{"start":{"line":27,"column":8},"end":{"line":27,"column":22}},"10":{"start":{"line":29,"column":6},"end":{"line":32,"column":9}},"11":{"start":{"line":30,"column":8},"end":{"line":30,"column":21}},"12":{"start":{"line":31,"column":8},"end":{"line":31,"column":23}},"13":{"start":{"line":33,"column":6},"end":{"line":38,"column":7}},"14":{"start":{"line":35,"column":8},"end":{"line":35,"column":95}},"15":{"start":{"line":36,"column":8},"end":{"line":36,"column":51}},"16":{"start":{"line":37,"column":8},"end":{"line":37,"column":84}},"17":{"start":{"line":39,"column":6},"end":{"line":45,"column":9}},"18":{"start":{"line":40,"column":8},"end":{"line":44,"column":9}},"19":{"start":{"line":41,"column":10},"end":{"line":41,"column":18}},"20":{"start":{"line":43,"column":10},"end":{"line":43,"column":25}},"21":{"start":{"line":48,"column":6},"end":{"line":48,"column":17}},"22":{"start":{"line":49,"column":6},"end":{"line":49,"column":14}},"23":{"start":{"line":53,"column":0},"end":{"line":68,"column":2}},"24":{"start":{"line":54,"column":2},"end":{"line":67,"column":4}},"25":{"start":{"line":55,"column":4},"end":{"line":55,"column":51}},"26":{"start":{"line":57,"column":4},"end":{"line":66,"column":7}},"27":{"start":{"line":58,"column":6},"end":{"line":61,"column":7}},"28":{"start":{"line":59,"column":8},"end":{"line":59,"column":22}},"29":{"start":{"line":60,"column":8},"end":{"line":60,"column":15}},"30":{"start":{"line":63,"column":6},"end":{"line":63,"column":29}},"31":{"start":{"line":64,"column":6},"end":{"line":64,"column":21}},"32":{"start":{"line":73,"column":0},"end":{"line":95,"column":2}},"33":{"start":{"line":74,"column":2},"end":{"line":74,"column":24}},"34":{"start":{"line":75,"column":2},"end":{"line":92,"column":3}},"35":{"start":{"line":76,"column":4},"end":{"line":76,"column":85}},"36":{"start":{"line":77,"column":4},"end":{"line":77,"column":24}},"37":{"start":{"line":78,"column":4},"end":{"line":78,"column":49}},"38":{"start":{"line":79,"column":4},"end":{"line":79,"column":47}},"39":{"start":{"line":80,"column":4},"end":{"line":82,"column":7}},"40":{"start":{"line":81,"column":6},"end":{"line":81,"column":36}},"41":{"start":{"line":84,"column":4},"end":{"line":91,"column":7}},"42":{"start":{"line":85,"column":6},"end":{"line":85,"column":29}},"43":{"start":{"line":86,"column":6},"end":{"line":89,"column":7}},"44":{"start":{"line":87,"column":8},"end":{"line":87,"column":27}},"45":{"start":{"line":88,"column":8},"end":{"line":88,"column":15}},"46":{"start":{"line":90,"column":6},"end":{"line":90,"column":27}},"47":{"start":{"line":94,"column":2},"end":{"line":94,"column":24}}},"branchMap":{"1":{"line":33,"type":"if","locations":[{"start":{"line":33,"column":6},"end":{"line":33,"column":6}},{"start":{"line":33,"column":6},"end":{"line":33,"column":6}}]},"2":{"line":40,"type":"if","locations":[{"start":{"line":40,"column":8},"end":{"line":40,"column":8}},{"start":{"line":40,"column":8},"end":{"line":40,"column":8}}]},"3":{"line":58,"type":"if","locations":[{"start":{"line":58,"column":6},"end":{"line":58,"column":6}},{"start":{"line":58,"column":6},"end":{"line":58,"column":6}}]},"4":{"line":75,"type":"if","locations":[{"start":{"line":75,"column":2},"end":{"line":75,"column":2}},{"start":{"line":75,"column":2},"end":{"line":75,"column":2}}]},"5":{"line":86,"type":"if","locations":[{"start":{"line":86,"column":6},"end":{"line":86,"column":6}},{"start":{"line":86,"column":6},"end":{"line":86,"column":6}}]}},"code":["'use strict';","","let Plugin = require('./plugin'),","  wd = require('selenium-webdriver'),","  Promiz = require('./promise'),","  debug = require('debug'),","  log = debug('nemo:log'),","  error = debug('nemo:error'),","  async = require('async'),","  Driver = require('./driver');","","log.log = console.log.bind(console);","error.log = console.error.bind(console);","","","let setup = function setup(config, cb) {","  let nemo = {","    'data': config.get('data'),","    'driver': {},","    '_config': config","  };","  Plugin.registration(nemo, config.get('plugins'))","    .then(function (registerFns) {","      //add driver setup","      registerFns.push({fn: driversetup(nemo), priority: 100});","      registerFns = registerFns.sort(Plugin.compare).map(function (obj) {","        return obj.fn;","      });","      registerFns.unshift(function setWebdriver(callback) {","        nemo.wd = wd;","        callback(null);","      });","      if (config.get('driver:selenium.version')) {","        //install before driver setup","        log('Requested install of selenium version %s', config.get('driver:selenium.version'));","        var seleniumInstall = require('./install');","        registerFns.unshift(seleniumInstall(config.get('driver:selenium.version')));","      }","      async.waterfall(registerFns, function waterfall(err) {","        if (err) {","          cb(err);","        } else {","          cb(null, nemo);","        }","      });","    })","    .catch(function (err) {","      error(err);","      cb(err);","    });","};","","var driversetup = function (_nemo) {","  r
[...]
ine":23,"column":40}},"4":{"start":{"line":25,"column":0},"end":{"line":136,"column":1}},"5":{"start":{"line":26,"column":2},"end":{"line":26,"column":36}},"6":{"start":{"line":28,"column":2},"end":{"line":135,"column":4}},"7":{"start":{"line":30,"column":6},"end":{"line":30,"column":30}},"8":{"start":{"line":32,"column":6},"end":{"line":45,"column":27}},"9":{"start":{"line":47,"column":6},"end":{"line":69,"column":7}},"10":{"start":{"line":48,"column":8},"end":{"line":48,"column":33}},"11":{"start":{"line":50,"column":8},"end":{"line":67,"column":9}},"12":{"start":{"line":51,"column":10},"end":{"line":51,"column":30}},"13":{"start":{"line":52,"column":10},"end":{"line":66,"column":11}},"14":{"start":{"line":54,"column":12},"end":{"line":54,"column":53}},"15":{"start":{"line":55,"column":12},"end":{"line":57,"column":13}},"16":{"start":{"line":56,"column":14},"end":{"line":56,"column":133}},"17":{"start":{"line":58,"column":12},"end":{"line":60,"column":13}},"18":{"start":{"line":59,"column":14},"end":{"line":59,"column":38}},"19":{"start":{"line":61,"column":12},"end":{"line":61,"column":68}},"20":{"start":{"line":62,"column":12},"end":{"line":62,"column":27}},"21":{"start":{"line":63,"column":12},"end":{"line":63,"column":41}},"22":{"start":{"line":65,"column":12},"end":{"line":65,"column":29}},"23":{"start":{"line":68,"column":8},"end":{"line":68,"column":25}},"24":{"start":{"line":71,"column":6},"end":{"line":87,"column":7}},"25":{"start":{"line":73,"column":8},"end":{"line":79,"column":9}},"26":{"start":{"line":74,"column":10},"end":{"line":74,"column":132}},"27":{"start":{"line":75,"column":10},"end":{"line":75,"column":46}},"28":{"start":{"line":78,"column":10},"end":{"line":78,"column":54}},"29":{"start":{"line":80,"column":8},"end":{"line":84,"column":9}},"30":{"start":{"line":81,"column":10},"end":{"line":83,"column":13}},"31":{"start":{"line":82,"column":12},"end":{"line":82,"column":43}},"32":{"start":{"line":85,"column":8},"end":{"line":85,"column":34}},"33":{"start":{"line":86,"column":8},"end":{"line":86,"column":20}},"34":{"start":{"line":89,"column":6},"end":{"line":101,"column":7}},"35":{"start":{"line":90,"column":8},"end":{"line":100,"column":9}},"36":{"start":{"line":91,"column":10},"end":{"line":91,"column":44}},"37":{"start":{"line":92,"column":10},"end":{"line":96,"column":11}},"38":{"start":{"line":93,"column":12},"end":{"line":93,"column":78}},"39":{"start":{"line":95,"column":12},"end":{"line":95,"column":122}},"40":{"start":{"line":99,"column":10},"end":{"line":99,"column":32}},"41":{"start":{"line":103,"column":6},"end":{"line":127,"column":7}},"42":{"start":{"line":105,"column":8},"end":{"line":105,"column":46}},"43":{"start":{"line":106,"column":8},"end":{"line":110,"column":9}},"44":{"start":{"line":107,"column":10},"end":{"line":109,"column":13}},"45":{"start":{"line":108,"column":12},"end":{"line":108,"column":67}},"46":{"start":{"line":111,"column":8},"end":{"line":113,"column":9}},"47":{"start":{"line":112,"column":10},"end":{"line":112,"column":53}},"48":{"start":{"line":114,"column":8},"end":{"line":116,"column":9}},"49":{"start":{"line":115,"column":10},"end":{"line":115,"column":64}},"50":{"start":{"line":117,"column":8},"end":{"line":119,"column":9}},"51":{"start":{"line":118,"column":10},"end":{"line":118,"column":49}},"52":{"start":{"line":120,"column":8},"end":{"line":120,"column":38}},"53":{"start":{"line":121,"column":8},"end":{"line":121,"column":33}},"54":{"start":{"line":123,"column":8},"end":{"line":123,"column":67}},"55":{"start":{"line":124,"column":8},"end":{"line":124,"column":26}},"56":{"start":{"line":125,"column":8},"end":{"line":125,"column":30}},"57":{"start":{"line":126,"column":8},"end":{"line":126,"column":15}},"58":{"start":{"line":128,"column":6},"end":{"line":133,"column":9}},"59":{"start":{"line":129,"column":8},"end":{"line":129,"column":31}},"60":{"start":{"line":131,"column":8},"end":{"line":131,"column":72}},"61":{"start":{"line":132,"column":8},"end":{"line":132,"column":22}},"62":{"start":{"line":137,"column":0},"end":{"line":137,"column":24}}},"branchMap":{"1":{"line":38,"type":"binary-expr","locations":[{"start":{"line":38,"column":22},"end":{"line":38,"column":39}},{"start":{"line":38,"column":43},"end":{"line":38,"column":48}}]},"2":{"line":41,"type":"binary-expr","locations":[{"start":{"line":41,"column":22},"end":{"line":41,"column":45}},{"start":{"line":41,"column":49},"end":{"line":41,"column":51}}]},"3":{"line":50,"type":"if","locations":[{"start":{"line":50,"column":8},"end":{"line":50,"column":8}},{"start":{"line":50,"column":8},"end":{"line":50,"column":8}}]},"4":{"line":52,"type":"if","locations":[{"start":{"line":52,"column":10},"end":{"line":52,"column":10}},{"start":{"line":52,"column":10},"end":{"line":52,"column":10}}]},"5":{"line":52,"type":"binary-expr","locations":[{"start":{"line":52,"column":14},"end":{"line":52,"column":37}},{"start":{"line":52,"column":41},"end":{"line":52,"column":67}},{"start":{"line":52,"column":71},"end":{"line":52,"column":95}}]},"6":{"line":55,"type":"if","locations":[{"start":{"line":55,"column":12},"end":{"line":55,"column":12}},{"start":{"line":55,"column":12},"end":{"line":55,"column":12}}]},"7":{"line":58,"type":"if","locations":[{"start":{"line":58,"column":12},"end":{"line":58,"column":12}},{"start":{"line":58,"column":12},"end":{"line":58,"column":12}}]},"8":{"line":73,"type":"if","locations":[{"start":{"line":73,"column":8},"end":{"line":73,"column":8}},{"start":{"line":73,"column":8},"end":{"line":73,"column":8}}]},"9":{"line":80,"type":"if","locations":[{"start":{"line":80,"column":8},"end":{"line":80,"column":8}},{"start":{"line":80,"column":8},"end":{"line":80,"column":8}}]},"10":{"line":90,"type":"if","locations":[{"start":{"line":90,"column":8},"end":{"line":90,"column":8}},{"start":{"line":90,"column":8},"end":{"line":90,"column":8}}]},"11":{"line":92,"type":"if","locations":[{"start":{"line":92,"column":10},"end":{"line":92,"column":10}},{"start":{"line":92,"column":10},"end":{"line":92,"column":10}}]},"12":{"line":92,"type":"binary-expr","locations":[{"start":{"line":92,"column":14},"end":{"line":92,"column":33}},{"start":{"line":92,"column":37},"end":{"line":92,"column":63}}]},"13":{"line":106,"type":"if","locations":[{"start":{"line":106,"column":8},"end":{"line":106,"column":8}},{"start":{"line":106,"column":8},"end":{"line":106,"column":8}}]},"14":{"line":111,"type":"if","locations":[{"start":{"line":111,"column":8},"end":{"line":111,"column":8}},{"start":{"line":111,"column":8},"end":{"line":111,"column":8}}]},"15":{"line":111,"type":"binary-expr","locations":[{"start":{"line":111,"column":12},"end":{"line":111,"column":35}},{"start":{"line":111,"column":39},"end":{"line":111,"column":74}}]},"16":{"line":111,"type":"binary-expr","locations":[{"start":{"line":111,"column":41},"end":{"line":111,"column":49}},{"start":{"line":111,"column":53},"end":{"line":111,"column":73}}]},"17":{"line":114,"type":"if","locations":[{"start":{"line":114,"column":8},"end":{"line":114,"column":8}},{"start":{"line":114,"column":8},"end":{"line":114,"column":8}}]},"18":{"line":114,"type":"binary-expr","locations":[{"start":{"line":114,"column":12},"end":{"line":114,"column":36}},{"start":{"line":114,"column":40},"end":{"line":114,"column":74}}]},"19":{"line":114,"type":"binary-expr","locations":[{"start":{"line":114,"column":42},"end":{"line":114,"column":50}},{"start":{"line":114,"column":54},"end":{"line":114,"column":73}}]},"20":{"line":117,"type":"if","locations":[{"start":{"line":117,"column":8},"end":{"line":117,"column":8}},{"start":{"line":117,"column":8},"end":{"line":117,"column":8}}]}},"code":["/*───────────────────────────────────────────────────────────────────────────*\\"," │  Copyright (C) 2014 PayPal                                                  │"," │                                                                             │"," │                                                                             │"," │   Licensed under the Apache License, Version 2.0 (the \"License\"); you may   │"," │   not use this file except in compliance with the License. You may obtain   │"," │   a copy of the License at http://www.apache.org/licenses/LICENSE-2.0       │"," │                                                                             │"," │   Unless required by applicable law or agreed to in writing, software       │"," │   distributed under the License is distributed on an \"AS IS\" BASIS,         │"," │   WITHOUT WARRANTIES OR CONDITIONS OF ANY KIND, either express or implied.  │"," │   See the License for the specific language governing permissions and       │"," │   limitations under the License.                                            │"," \\*───────────────────────────────────────────────────────────────────────────*/","/* global require,module */","'use strict';","let fs = require('fs'),","  debug = require('debug'),","  log = debug('nemo:log'),","  error = debug('nemo:error');","","log.log = console.log.bind(console);","error.log = console.error.bind(console);","","function Driver() {","  log('new Setup instance created');","","  return {","    setup: function doSetup(driverProps, callback) {","      log('entering doSetup');","","      let webdriver = require('selenium-webdriver'),","        SeleniumServer = require('selenium-webdriver/remote').SeleniumServer,","        proxy = require('selenium-webdriver/proxy'),","        caps,","        driver,","        tgtBrowser = driverProps.browser,","        localServer = driverProps.local || false,","        customCaps = driverProps.serverCaps,","        serverUrl = driverProps.server,","        serverProps = driverProps.serverProps || {},","        serverJar = driverProps.jar,","        builders = driverProps.builders,","        proxyDetails = driverProps.proxyDetails,","        errorObject = null;","","      function getServer() {","        log('attempt getServer');","        //are we running the tests on the local machine?","        if (localServer === true) {","          log('test locally');","          if (tgtBrowser !== 'chrome' && tgtBrowser !== 'phantomjs' && tgtBrowser !== 'firefox') {","            //make sure there is a jar file","            var jarExists = fs.existsSync(serverJar);","            if (!jarExists) {","              error('You must specify a valid SELENIUM_JAR value. The value must point to a driver executable in your file system.');","            }","            if (serverProps.port === undefined) {","              serverProps.port = 4444;","            }","            var server = new SeleniumServer(serverJar, serverProps);","            server.start();","            serverUrl = server.address();","          } else {","            serverUrl = null;","          }","        }","        return serverUrl;","      }","","      function getCapabilities() {","        //specified valid webdriver browser key?","        if (!webdriver.Capabilities[tgtBrowser]) {","          log('You have specified targetBrowser: ' + tgtBrowser + ' which is not a built-in webdriver.Capabilities browser option');","          caps = new webdriver.Capabilities();","","        } else {","          caps = webdriver.Capabilities[tgtBrowser]();","        }","        if (customCaps) {","          Object.keys(customCaps).forEach(function customCapsKeys(key) {","            caps.set(key, customCaps[key]);","          });","        }","        log('Capabilities', caps);","        return caps;","      }","","      function getProxy() {","        if (proxyDetails) {","          log('proxyDetails', proxyDetails);","          if (proxyDetails.method && proxy[proxyDetails.method]) {","            return proxy[proxyDetails.method].apply(proxy, proxyDetails.args);","          } else {","            throw new Error('nemo: proxy configuration is incomplete or does not match the selenium-webdriver/proxy API');","          }","","        } else {","          return proxy.direct();","        }","      }","","      try {","","        var builder = new webdriver.Builder();","        if (builders !== undefined) {","          Object.keys(builders).forEach(function (bldr) {","            builder = builder[bldr].apply(builder, builders[bldr]);","          });","        }","        if (serverUrl !== undefined && !(builders && builders.usingServer)) {","          builder = builder.usingServer(getServer());","        }","        if (tgtBrowser !== undefined && !(builders && builders.forBrowser)) {","          builder = builder.withCapabilities(getCapabilities());","        }","        if (proxyDetails !== undefined) {","          builder = builder.setProxy(getProxy());","        }","        log('builder FINAL', builder);","        driver = builder.build();","      } catch (err) {","        error('Encountered an error during driver setup: %s', err);","        errorObject = err;","        callback(errorObject);","        return;","      }","      driver.getSession().then(function () {","        callback(null, driver);","      }).catch(function (err) {","        error('Encountered an error during driver getSession: %s', err);","        callback(err);","      });","    }","  };","}","module.exports = Driver;",""],"l":{"17":1,"22":1,"23":1,"25":1,"26":0,"28":0,"30":0,"32":0,"47":1,"48":0,"50":0,"51":0,"52":0,"54":0,"55":0,"56":0,"58":0,"59":0,"61":0,"62":0,"63":0,"65":0,"68":0,"71":1,"73":0,"74":0,"75":0,"78":0,"80":0,"81":0,"82":0,"85":0,"86":0,"89":1,"90":0,"91":0,"92":0,"93":0,"95":0,"99":0,"103":0,"105":0,"106":0,"107":0,"108":0,"111":0,"112":0,"114":0,"115":0,"117":0,"118":0,"120":0,"121":0,"123":0,"124":0,"125":0,"126":0,"128":0,"129":0,"131":0,"132":0,"137":1}},"/home/travis/build/npmtest/node-npmtest-nemo/node_modules/nemo/Gruntfile.js":{"path":"/home/travis/build/npmtest/node-npmtest-nemo/node_modules/nemo/Gruntfile.js","s":{"1":2,"2":0,"3":0,"4":0,"5":0,"6":0,"7":0},"b":{"1":[0,0]},"f":{"1":0},"fnMap":{"1":{"name":"(anonymous_1)","line":5,"loc":{"start":{"line":5,"column":17},"end":{"line":5,"column":34}}}},"statementMap":{"1":{"start":{"line":3,"column":0},"end":{"line":3,"column":29}},"2":{"start":{"line":5,"column":0},"end":{"line":34,"column":2}},"3":{"start":{"line":6,"column":1},"end":{"line":7,"column":10}},"4":{"start":{"line":8,"column":1},"end":{"line":29,"column":4}},"5":{"start":{"line":31,"column":1},"end":{"line":31,"column":42}},"6":{"start":{"line":32,"column":1},"end":{"line":32,"column":44}},"7":{"start":{"line":33,"column":1},"end":{"line":33,"column":58}}},"branchMap":{"1":{"line":14,"type":"binary-expr","locations":[{"start":{"line":14,"column":10},"end":{"line":14,"column":30}},{"start":{"line":14,"column":34},"end":{"line":14,"column":36}}]}},"code":["/* global require,process,module */","'use strict';","var nconf = require('nconf');","","module.exports = function (grunt) {","\tnconf.env()","\t\t.argv();","\tgrunt.initConfig({","\t\tsimplemocha: {","\t\t\toptions: {","\t\t\t\tglobals: ['should'],","\t\t\t\ttimeout: 30000,","\t\t\t\tignoreLeaks: false,","\t\t\t\tgrep: grunt.option('grep') || '',","\t\t\t\tui: 'bdd',","\t\t\t\treporter: 'spec'","\t\t\t},","","\t\t\tall: {","\t\t\t\tsrc: ['test/*.js']","\t\t\t}","\t\t},","\t\tjshint: {","\t\t\tfiles: ['index.js', 'Gruntfile.js', 'lib/*.js'],","\t\t\toptions: {","\t\t\t\tjshintrc: true","\t\t\t}","\t\t}","\t});","","\tgrunt.loadNpmTasks('grunt-simple-mocha');","\tgrunt.loadNpmTasks('grunt-contrib-jshint');","\tgrunt.registerTask('default', ['simplemocha', 'jshint']);","};"],"l":{"3":2,"5":0,"6":0,"8":0,"31":0,"32":0,"33":0}},"/home/travis/build/npmtest/node-npmtest-nemo/node_modules/nemo/lib/install.js":{"path":"/home/travis/build/npmtest/node-npmtest-nemo/node_modules/nemo/lib/install.js","s":{"1":1,"2":1,"3":1,"4":1,"5":0,"6":0,"7":0,"8":0,"9":0,"10":0,"11":0,"12":0,"13":0,"14":0,"15":0,"16":0,"17":0,"18":0,"19":0,"20":0,"21":0},"b":{"1":[0,0],"2":[0,0],"3":[0,0],"4":[0,0],"5":[0,0]},"f":{"1":0,"2":0,"3":0},"fnMap":{"1":{"name":"(anonymous_1)","line":13,"loc":{"start":{"line":13,"column":17},"end":{"line":13,"column":36}}},"2":{"name":"installSelenium","line":14,"loc":{"start":{"line":14,"column":9},"end":{"line":14,"column":44}}},"3":{"name":"(anonymous_3)","line":25,"loc":{"start":{"line":25,"column":6},"end":{"line":25,"column":37}}}},"statementMap":{"1":{"start":{"line":3,"column":0},"end":{"line":8,"column":39}},"2":{"start":{"line":10,"column":0},"end":{"line":10,"column":36}},"3":{"start":{"line":11,"column":0},"end":{"line":11,"column":40}},"4":{"start":{"line":13,"column":0},"end":{"line":41,"column":2}},"5":{"start":{"line":14,"column":2},"end":{"line":39,"column":4}},"6":{"start":{"line":16,"column":4},"end":{"line":16,"column":66}},"7":{"start":{"line":17,"column":4},"end":{"line":20,"column":5}},"8":{"start":{"line":18,"column":6},"end":{"line":18,"column":60}},"9":{"start":{"line":19,"column":6},"end":{"line":19,"column":28}},"10":{"start":{"line":21,"column":4},"end":{"line":21,"column":60}},"11":{"start":{"line":22,"column":4},"end":{"line":22,"column":71}},"12":{"start":{"line":23,"column":4},"end":{"line":23,"column":32}},"13":{"start":{"line":24,"column":4},"end":{"line":38,"column":9}},"14":{"start":{"line":26,"column":8},"end":{"line":28,"column":9}},"15":{"start":{"line":27,"column":10},"end":{"line":27,"column":49}},"16":{"start":{"line":29,"column":8},"end":{"line":31,"column":9}},"17":{"start":{"line":30,"column":10},"end":{"line":30,"column":51}},"18":{"start":{"line":32,"column":8},"end":{"line":35,"column":9}},"19":{"start":{"line":33,"column":10},"end":{"line":33,"column":35}},"20":{"start":{"line":34,"column":10},"end":{"line":34,"column":31}},"21":{"start":{"line":36,"column":8},"end":{"line":36,"column":23}}},"branchMap":{"1":{"line":17,"type":"if","locations":[{"start":{"line":17,"column":4},"end":{"line":17,"column":4}},{"start":{"line":17,"column":4},"end":{"line":17,"column":4}}]},"2":{"line":21,"type":"cond-expr","locations":[{"start":{"line":21,"column":46},"end":{"line":21,"column":48}},{"start":{"line":21,"column":51},"end":{"line":21,"column":59}}]},"3":{"line":26,"type":"if","locations":[{"start":{"line":26,"column":8},"end":{"line":26,"column":8}},{"start":{"line":26,"column":8},"end":{"line":26,"column":8}}]},"4":{"line":29,"type":"if","locations":[{"start":{"line":29,"column":8},"end":{"line":29,"column":8}},{"start":{"line":29,"column":8},"end":{"line":29,"column":8}}]},"5":{"line":32,"type":"if","locations":[{"start":{"line":32,"column":8},"end":{"line":32,"column":8}},{"start":{"line":32,"column":8},"end":{"line":32,"column":8}}]}},"code":["'use strict';","","var path = require('path'),","  debug = require('debug'),","  log = debug('nemo:log'),","  error = debug('nemo:error'),","  fs = require('fs'),","  exec = require('child_process').exec;","","log.log = console.log.bind(console);","error.log = console.error.bind(console);","","module.exports = function (version) {","  return function installSelenium(callback) {","    //check package.json","    var pkg = require(path.resolve(__dirname, '../package.json'));","    if (pkg.dependencies['selenium-webdriver'] === version) {","      log('selenium version %s already installed', version);","      return callback(null);","    }","    var save = (process.env.NEMO_UNIT_TEST) ? '' : '--save';","    var cmd = 'npm install ' + save + ' selenium-webdriver@' + version;","    log('npm install cmd', cmd);","    exec(cmd, {cwd: path.resolve(__dirname, '..')},","      function (err, stdout, stderr) {","        if (stdout) {","          log('seleniumInstall: stdout', stdout);","        }","        if (stderr) {","          error('seleniumInstall: stderr', stderr);","        }","        if (err !== null) {","          error('exec error', err);","          return callback(err);","        }","        callback(null);","","      });","  };","","};",""],"l":{"3":1,"10":1,"11":1,"13":1,"14":0,"16":0,"17":0,"18":0,"19":0,"21":0,"22":0,"23":0,"24":0,"26":0,"27":0,"29":0,"30":0,"32":0,"33":0,"34":0,"36":0}}}